{"level":"\u001b[34mdebug\u001b[39m","message":"\u001b[34mRegistering HTTP-exposed managers\u001b[39m","modules":["user","school","classroom","student"],"timestamp":"2026-02-22 01:54:18"}
{"docs":"http://localhost:8008/api-docs","level":"\u001b[32minfo\u001b[39m","message":"\u001b[32mSCHOOL-MANAGEMENT is running\u001b[39m","port":"8008","timestamp":"2026-02-22 01:54:20"}
{"level":"\u001b[34mdebug\u001b[39m","message":"\u001b[34mRegistering HTTP-exposed managers\u001b[39m","modules":["user","school","classroom","student"],"timestamp":"2026-02-22 15:39:01"}
{"docs":"http://localhost:8008/api-docs","level":"\u001b[32minfo\u001b[39m","message":"\u001b[32mSCHOOL-MANAGEMENT is running\u001b[39m","port":"8008","timestamp":"2026-02-22 15:39:04"}
{"level":"\u001b[34mdebug\u001b[39m","message":"\u001b[34mRegistering HTTP-exposed managers\u001b[39m","modules":["user","school","classroom","student"],"timestamp":"2026-02-22 15:39:53"}
{"docs":"http://localhost:8008/api-docs","level":"\u001b[32minfo\u001b[39m","message":"\u001b[32mSCHOOL-MANAGEMENT is running\u001b[39m","port":"8008","timestamp":"2026-02-22 15:39:56"}
{"level":"\u001b[34mdebug\u001b[39m","message":"\u001b[34mRegistering HTTP-exposed managers\u001b[39m","modules":["user","school","classroom","student"],"timestamp":"2026-02-22 15:41:45"}
{"docs":"http://localhost:8008/api-docs","level":"\u001b[32minfo\u001b[39m","message":"\u001b[32mSCHOOL-MANAGEMENT is running\u001b[39m","port":"8008","timestamp":"2026-02-22 15:41:47"}
{"level":"\u001b[34mdebug\u001b[39m","message":"\u001b[34mRegistering HTTP-exposed managers\u001b[39m","modules":["user","school","classroom","student"],"timestamp":"2026-02-22 15:42:27"}
{"level":"\u001b[34mdebug\u001b[39m","message":"\u001b[34mRegistering HTTP-exposed managers\u001b[39m","modules":["user","school","classroom","student"],"timestamp":"2026-02-22 15:42:31"}
{"docs":"http://localhost:8008/api-docs","level":"\u001b[32minfo\u001b[39m","message":"\u001b[32mSCHOOL-MANAGEMENT is running\u001b[39m","port":"8008","timestamp":"2026-02-22 15:42:33"}
{"level":"\u001b[34mdebug\u001b[39m","message":"\u001b[34mRegistering HTTP-exposed managers\u001b[39m","modules":["user","school","classroom","student"],"timestamp":"2026-02-22 15:44:12"}
{"docs":"http://localhost:8008/api-docs","level":"\u001b[32minfo\u001b[39m","message":"\u001b[32mSCHOOL-MANAGEMENT is running\u001b[39m","port":"8008","timestamp":"2026-02-22 15:44:15"}
{"level":"\u001b[34mdebug\u001b[39m","message":"\u001b[34mRegistering HTTP-exposed managers\u001b[39m","modules":["user","school","classroom","student"],"timestamp":"2026-02-22 15:44:37"}
{"docs":"http://localhost:8008/api-docs","level":"\u001b[32minfo\u001b[39m","message":"\u001b[32mSCHOOL-MANAGEMENT is running\u001b[39m","port":"8008","timestamp":"2026-02-22 15:44:42"}
{"level":"\u001b[34mdebug\u001b[39m","message":"\u001b[34mRegistering HTTP-exposed managers\u001b[39m","modules":["user","school","classroom","student"],"timestamp":"2026-02-22 15:45:05"}
{"docs":"http://localhost:8008/api-docs","level":"\u001b[32minfo\u001b[39m","message":"\u001b[32mSCHOOL-MANAGEMENT is running\u001b[39m","port":"8008","timestamp":"2026-02-22 15:45:09"}
{"level":"\u001b[34mdebug\u001b[39m","message":"\u001b[34mRegistering HTTP-exposed managers\u001b[39m","modules":["user","school","classroom","student"],"timestamp":"2026-02-22 15:47:35"}
{"docs":"http://localhost:8008/api-docs","level":"\u001b[32minfo\u001b[39m","message":"\u001b[32mSCHOOL-MANAGEMENT is running\u001b[39m","port":"8008","timestamp":"2026-02-22 15:47:38"}
{"level":"\u001b[34mdebug\u001b[39m","message":"\u001b[34mRegistering HTTP-exposed managers\u001b[39m","modules":["user","school","classroom","student"],"timestamp":"2026-02-22 15:47:53"}
{"level":"\u001b[34mdebug\u001b[39m","message":"\u001b[34mRegistering HTTP-exposed managers\u001b[39m","modules":["user","school","classroom","student"],"timestamp":"2026-02-22 15:47:56"}
{"docs":"http://localhost:8008/api-docs","level":"\u001b[32minfo\u001b[39m","message":"\u001b[32mSCHOOL-MANAGEMENT is running\u001b[39m","port":"8008","timestamp":"2026-02-22 15:47:59"}
{"level":"\u001b[34mdebug\u001b[39m","message":"\u001b[34mRegistering HTTP-exposed managers\u001b[39m","modules":["user","school","classroom","student"],"timestamp":"2026-02-22 15:48:01"}
{"docs":"http://localhost:8008/api-docs","level":"\u001b[32minfo\u001b[39m","message":"\u001b[32mSCHOOL-MANAGEMENT is running\u001b[39m","port":"8008","timestamp":"2026-02-22 15:48:03"}
{"level":"\u001b[34mdebug\u001b[39m","message":"\u001b[34mRegistering HTTP-exposed managers\u001b[39m","modules":["user","school","classroom","student"],"timestamp":"2026-02-22 15:48:21"}
{"docs":"http://localhost:8008/api-docs","level":"\u001b[32minfo\u001b[39m","message":"\u001b[32mSCHOOL-MANAGEMENT is running\u001b[39m","port":"8008","timestamp":"2026-02-22 15:48:24"}
{"level":"\u001b[34mdebug\u001b[39m","message":"\u001b[34mRegistering HTTP-exposed managers\u001b[39m","modules":["user","school","classroom","student"],"timestamp":"2026-02-22 15:48:26"}
{"docs":"http://localhost:8008/api-docs","level":"\u001b[32minfo\u001b[39m","message":"\u001b[32mSCHOOL-MANAGEMENT is running\u001b[39m","port":"8008","timestamp":"2026-02-22 15:48:28"}
{"level":"\u001b[34mdebug\u001b[39m","message":"\u001b[34mRegistering HTTP-exposed managers\u001b[39m","modules":["user","school","classroom","student"],"timestamp":"2026-02-22 15:49:22"}
{"docs":"http://localhost:8008/api-docs","level":"\u001b[32minfo\u001b[39m","message":"\u001b[32mSCHOOL-MANAGEMENT is running\u001b[39m","port":"8008","timestamp":"2026-02-22 15:49:26"}
{"level":"\u001b[34mdebug\u001b[39m","message":"\u001b[34mRegistering HTTP-exposed managers\u001b[39m","modules":["user","school","classroom","student"],"timestamp":"2026-02-22 15:50:32"}
{"docs":"http://localhost:8008/api-docs","level":"\u001b[32minfo\u001b[39m","message":"\u001b[32mSCHOOL-MANAGEMENT is running\u001b[39m","port":"8008","timestamp":"2026-02-22 15:50:35"}
{"level":"\u001b[34mdebug\u001b[39m","message":"\u001b[34mRegistering HTTP-exposed managers\u001b[39m","modules":["user","school","classroom","student"],"timestamp":"2026-02-22 15:50:45"}
{"docs":"http://localhost:8008/api-docs","level":"\u001b[32minfo\u001b[39m","message":"\u001b[32mSCHOOL-MANAGEMENT is running\u001b[39m","port":"8008","timestamp":"2026-02-22 15:50:48"}
{"level":"\u001b[34mdebug\u001b[39m","message":"\u001b[34mRegistering HTTP-exposed managers\u001b[39m","modules":["user","school","classroom","student"],"timestamp":"2026-02-22 15:50:53"}
{"docs":"http://localhost:8008/api-docs","level":"\u001b[32minfo\u001b[39m","message":"\u001b[32mSCHOOL-MANAGEMENT is running\u001b[39m","port":"8008","timestamp":"2026-02-22 15:50:55"}
{"level":"\u001b[34mdebug\u001b[39m","message":"\u001b[34mRegistering HTTP-exposed managers\u001b[39m","modules":["user","school","classroom","student"],"timestamp":"2026-02-22 16:03:10"}
{"docs":"http://localhost:8000/api-docs","level":"\u001b[32minfo\u001b[39m","message":"\u001b[32mSCHOOL-MANAGEMENT is running\u001b[39m","port":"8000","timestamp":"2026-02-22 16:03:12"}
{"level":"\u001b[34mdebug\u001b[39m","message":"\u001b[34mRegistering HTTP-exposed managers\u001b[39m","modules":["user","school","classroom","student"],"timestamp":"2026-02-22 16:04:06"}
{"docs":"http://localhost:8000/api-docs","level":"\u001b[32minfo\u001b[39m","message":"\u001b[32mSCHOOL-MANAGEMENT is running\u001b[39m","port":"8000","timestamp":"2026-02-22 16:04:08"}
{"level":"\u001b[34mdebug\u001b[39m","message":"\u001b[34mRegistering HTTP-exposed managers\u001b[39m","modules":["user","school","classroom","student"],"timestamp":"2026-02-22 16:04:18"}
{"docs":"http://localhost:8000/api-docs","level":"\u001b[32minfo\u001b[39m","message":"\u001b[32mSCHOOL-MANAGEMENT is running\u001b[39m","port":"8000","timestamp":"2026-02-22 16:04:20"}
{"level":"\u001b[34mdebug\u001b[39m","message":"\u001b[34mRegistering HTTP-exposed managers\u001b[39m","modules":["user","school","classroom","student"],"timestamp":"2026-02-22 16:04:25"}
{"docs":"http://localhost:8000/api-docs","level":"\u001b[32minfo\u001b[39m","message":"\u001b[32mSCHOOL-MANAGEMENT is running\u001b[39m","port":"8000","timestamp":"2026-02-22 16:04:27"}
{"level":"\u001b[34mdebug\u001b[39m","message":"\u001b[34mRegistering HTTP-exposed managers\u001b[39m","modules":["user","school","classroom","student"],"timestamp":"2026-02-22 16:04:30"}
{"docs":"http://localhost:8000/api-docs","level":"\u001b[32minfo\u001b[39m","message":"\u001b[32mSCHOOL-MANAGEMENT is running\u001b[39m","port":"8000","timestamp":"2026-02-22 16:04:32"}
{"ip":"::1","level":"\u001b[32minfo\u001b[39m","message":"\u001b[32mPOST /api/user/register\u001b[39m","timestamp":"2026-02-22 16:04:58","userAgent":"PostmanRuntime/7.51.1"}
{"fnName":"register","level":"\u001b[34mdebug\u001b[39m","message":"\u001b[34mIncoming API request\u001b[39m","method":"post","moduleName":"user","timestamp":"2026-02-22 16:04:58"}
{"ip":"::1","level":"\u001b[32minfo\u001b[39m","message":"\u001b[32mPOST /api/user/register\u001b[39m","timestamp":"2026-02-22 16:06:21","userAgent":"PostmanRuntime/7.51.1"}
{"fnName":"register","level":"\u001b[34mdebug\u001b[39m","message":"\u001b[34mIncoming API request\u001b[39m","method":"post","moduleName":"user","timestamp":"2026-02-22 16:06:21"}
{"level":"\u001b[34mdebug\u001b[39m","message":"\u001b[34mRegistering HTTP-exposed managers\u001b[39m","modules":["user","school","classroom","student"],"timestamp":"2026-02-22 16:29:59"}
{"docs":"http://localhost:8000/api-docs","level":"\u001b[32minfo\u001b[39m","message":"\u001b[32mSCHOOL-MANAGEMENT is running\u001b[39m","port":"8000","timestamp":"2026-02-22 16:30:01"}
{"level":"\u001b[34mdebug\u001b[39m","message":"\u001b[34mRegistering HTTP-exposed managers\u001b[39m","modules":["user","school","classroom","student"],"timestamp":"2026-02-22 16:30:04"}
{"level":"\u001b[34mdebug\u001b[39m","message":"\u001b[34mRegistering HTTP-exposed managers\u001b[39m","modules":["user","school","classroom","student"],"timestamp":"2026-02-22 16:30:07"}
{"docs":"http://localhost:8000/api-docs","level":"\u001b[32minfo\u001b[39m","message":"\u001b[32mSCHOOL-MANAGEMENT is running\u001b[39m","port":"8000","timestamp":"2026-02-22 16:30:09"}
{"level":"\u001b[34mdebug\u001b[39m","message":"\u001b[34mRegistering HTTP-exposed managers\u001b[39m","modules":["user","school","classroom","student"],"timestamp":"2026-02-22 16:30:47"}
{"docs":"http://localhost:8000/api-docs","level":"\u001b[32minfo\u001b[39m","message":"\u001b[32mSCHOOL-MANAGEMENT is running\u001b[39m","port":"8000","timestamp":"2026-02-22 16:30:49"}
{"level":"\u001b[34mdebug\u001b[39m","message":"\u001b[34mRegistering HTTP-exposed managers\u001b[39m","modules":["user","school","classroom","student"],"timestamp":"2026-02-22 16:30:56"}
{"docs":"http://localhost:8000/api-docs","level":"\u001b[32minfo\u001b[39m","message":"\u001b[32mSCHOOL-MANAGEMENT is running\u001b[39m","port":"8000","timestamp":"2026-02-22 16:30:59"}
{"level":"\u001b[34mdebug\u001b[39m","message":"\u001b[34mRegistering HTTP-exposed managers\u001b[39m","modules":["user","school","classroom","student"],"timestamp":"2026-02-22 16:31:27"}
{"docs":"http://localhost:8000/api-docs","level":"\u001b[32minfo\u001b[39m","message":"\u001b[32mSCHOOL-MANAGEMENT is running\u001b[39m","port":"8000","timestamp":"2026-02-22 16:31:29"}
{"level":"\u001b[33mwarn\u001b[39m","message":"\u001b[33mMongoose connection disconnected\u001b[39m","timestamp":"2026-02-22 16:31:35"}
{"level":"\u001b[34mdebug\u001b[39m","message":"\u001b[34mRegistering HTTP-exposed managers\u001b[39m","modules":["user","school","classroom","student"],"timestamp":"2026-02-22 16:31:51"}
{"docs":"http://localhost:8000/api-docs","level":"\u001b[32minfo\u001b[39m","message":"\u001b[32mSCHOOL-MANAGEMENT is running\u001b[39m","port":"8000","timestamp":"2026-02-22 16:31:53"}
{"level":"\u001b[34mdebug\u001b[39m","message":"\u001b[34mRegistering HTTP-exposed managers\u001b[39m","modules":["user","school","classroom","student"],"timestamp":"2026-02-22 16:34:20"}
{"level":"\u001b[34mdebug\u001b[39m","message":"\u001b[34mRegistering HTTP-exposed managers\u001b[39m","modules":["user","school","classroom","student"],"timestamp":"2026-02-22 16:34:26"}
{"docs":"http://localhost:8000/api-docs","level":"\u001b[32minfo\u001b[39m","message":"\u001b[32mSCHOOL-MANAGEMENT is running\u001b[39m","port":"8000","timestamp":"2026-02-22 16:34:28"}
{"level":"\u001b[34mdebug\u001b[39m","message":"\u001b[34mRegistering HTTP-exposed managers\u001b[39m","modules":["user","school","classroom","student"],"timestamp":"2026-02-22 16:34:33"}
{"docs":"http://localhost:8000/api-docs","level":"\u001b[32minfo\u001b[39m","message":"\u001b[32mSCHOOL-MANAGEMENT is running\u001b[39m","port":"8000","timestamp":"2026-02-22 16:34:36"}
{"level":"\u001b[34mdebug\u001b[39m","message":"\u001b[34mRegistering HTTP-exposed managers\u001b[39m","modules":["user","school","classroom","student"],"timestamp":"2026-02-22 16:36:14"}
{"level":"\u001b[34mdebug\u001b[39m","message":"\u001b[34mRegistering HTTP-exposed managers\u001b[39m","modules":["user","school","classroom","student"],"timestamp":"2026-02-22 16:36:18"}
{"level":"\u001b[34mdebug\u001b[39m","message":"\u001b[34mRegistering HTTP-exposed managers\u001b[39m","modules":["user","school","classroom","student"],"timestamp":"2026-02-22 16:36:22"}
{"docs":"http://localhost:8000/api-docs","level":"\u001b[32minfo\u001b[39m","message":"\u001b[32mSCHOOL-MANAGEMENT is running\u001b[39m","port":"8000","timestamp":"2026-02-22 16:36:24"}
{"level":"\u001b[34mdebug\u001b[39m","message":"\u001b[34mRegistering HTTP-exposed managers\u001b[39m","modules":["user","school","classroom","student"],"timestamp":"2026-02-22 16:37:09"}
{"docs":"http://localhost:8000/api-docs","level":"\u001b[32minfo\u001b[39m","message":"\u001b[32mSCHOOL-MANAGEMENT is running\u001b[39m","port":"8000","timestamp":"2026-02-22 16:37:11"}
{"level":"\u001b[34mdebug\u001b[39m","message":"\u001b[34mRegistering HTTP-exposed managers\u001b[39m","modules":["user","school","classroom","student"],"timestamp":"2026-02-22 16:49:43"}
{"level":"\u001b[34mdebug\u001b[39m","message":"\u001b[34mRegistering HTTP-exposed managers\u001b[39m","modules":["user","school","classroom","student"],"timestamp":"2026-02-22 16:49:46"}
{"docs":"http://localhost:8000/api-docs","level":"\u001b[32minfo\u001b[39m","message":"\u001b[32mSCHOOL-MANAGEMENT is running\u001b[39m","port":"8000","timestamp":"2026-02-22 16:49:48"}
{"level":"\u001b[34mdebug\u001b[39m","message":"\u001b[34mRegistering HTTP-exposed managers\u001b[39m","modules":["user","school","classroom","student"],"timestamp":"2026-02-22 16:49:55"}
{"level":"\u001b[34mdebug\u001b[39m","message":"\u001b[34mRegistering HTTP-exposed managers\u001b[39m","modules":["user","school","classroom","student"],"timestamp":"2026-02-22 16:49:59"}
{"level":"\u001b[34mdebug\u001b[39m","message":"\u001b[34mRegistering HTTP-exposed managers\u001b[39m","modules":["user","school","classroom","student"],"timestamp":"2026-02-22 16:50:03"}
{"level":"\u001b[34mdebug\u001b[39m","message":"\u001b[34mRegistering HTTP-exposed managers\u001b[39m","modules":["user","school","classroom","student"],"timestamp":"2026-02-22 16:50:07"}
{"level":"\u001b[34mdebug\u001b[39m","message":"\u001b[34mRegistering HTTP-exposed managers\u001b[39m","modules":["user","school","classroom","student"],"timestamp":"2026-02-22 16:50:10"}
{"level":"\u001b[34mdebug\u001b[39m","message":"\u001b[34mRegistering HTTP-exposed managers\u001b[39m","modules":["user","school","classroom","student"],"timestamp":"2026-02-22 16:50:21"}
{"docs":"http://localhost:8000/api-docs","level":"\u001b[32minfo\u001b[39m","message":"\u001b[32mSCHOOL-MANAGEMENT is running\u001b[39m","port":"8000","timestamp":"2026-02-22 16:50:23"}
{"level":"\u001b[34mdebug\u001b[39m","message":"\u001b[34mRegistering HTTP-exposed managers\u001b[39m","modules":["user","school","classroom","student"],"timestamp":"2026-02-22 16:50:33"}
{"level":"\u001b[34mdebug\u001b[39m","message":"\u001b[34mRegistering HTTP-exposed managers\u001b[39m","modules":["user","school","classroom","student"],"timestamp":"2026-02-22 16:50:44"}
{"docs":"http://localhost:8000/api-docs","level":"\u001b[32minfo\u001b[39m","message":"\u001b[32mSCHOOL-MANAGEMENT is running\u001b[39m","port":"8000","timestamp":"2026-02-22 16:50:46"}
{"level":"\u001b[33mwarn\u001b[39m","message":"\u001b[33mMongoose connection disconnected\u001b[39m","timestamp":"2026-02-22 16:53:49"}
{"level":"\u001b[34mdebug\u001b[39m","message":"\u001b[34mRegistering HTTP-exposed managers\u001b[39m","modules":["user","school","classroom","student"],"timestamp":"2026-02-22 16:54:38"}
{"docs":"http://localhost:8000/api-docs","level":"\u001b[32minfo\u001b[39m","message":"\u001b[32mSCHOOL-MANAGEMENT is running\u001b[39m","port":"8000","timestamp":"2026-02-22 16:54:40"}
{"level":"\u001b[34mdebug\u001b[39m","message":"\u001b[34mRegistering HTTP-exposed managers\u001b[39m","modules":["user","school","classroom","student"],"timestamp":"2026-02-22 16:55:35"}
{"docs":"http://localhost:8000/api-docs","level":"\u001b[32minfo\u001b[39m","message":"\u001b[32mSCHOOL-MANAGEMENT is running\u001b[39m","port":"8000","timestamp":"2026-02-22 16:55:37"}
{"level":"\u001b[34mdebug\u001b[39m","message":"\u001b[34mRegistering HTTP-exposed managers\u001b[39m","modules":["user","school","classroom","student"],"timestamp":"2026-02-22 16:56:25"}
{"docs":"http://localhost:8000/api-docs","level":"\u001b[32minfo\u001b[39m","message":"\u001b[32mSCHOOL-MANAGEMENT is running\u001b[39m","port":"8000","timestamp":"2026-02-22 16:56:27"}
{"level":"\u001b[34mdebug\u001b[39m","message":"\u001b[34mRegistering HTTP-exposed managers\u001b[39m","modules":["user","school","classroom","student"],"timestamp":"2026-02-22 16:56:41"}
{"docs":"http://localhost:8000/api-docs","level":"\u001b[32minfo\u001b[39m","message":"\u001b[32mSCHOOL-MANAGEMENT is running\u001b[39m","port":"8000","timestamp":"2026-02-22 16:56:43"}
{"level":"\u001b[33mwarn\u001b[39m","message":"\u001b[33mMongoose connection disconnected\u001b[39m","timestamp":"2026-02-22 16:57:06"}
{"level":"\u001b[34mdebug\u001b[39m","message":"\u001b[34mRegistering HTTP-exposed managers\u001b[39m","modules":["user","school","classroom","student"],"timestamp":"2026-02-22 16:57:10"}
{"docs":"http://localhost:8000/api-docs","level":"\u001b[32minfo\u001b[39m","message":"\u001b[32mSCHOOL-MANAGEMENT is running\u001b[39m","port":"8000","timestamp":"2026-02-22 16:57:12"}
{"level":"\u001b[33mwarn\u001b[39m","message":"\u001b[33mMongoose connection disconnected\u001b[39m","timestamp":"2026-02-22 17:04:42"}
{"level":"\u001b[34mdebug\u001b[39m","message":"\u001b[34mRegistering HTTP-exposed managers\u001b[39m","modules":["user","school","classroom","student"],"timestamp":"2026-02-22 17:04:53"}
{"docs":"http://localhost:8000/api-docs","level":"\u001b[32minfo\u001b[39m","message":"\u001b[32mSCHOOL-MANAGEMENT is running\u001b[39m","port":"8000","timestamp":"2026-02-22 17:04:55"}
{"level":"\u001b[34mdebug\u001b[39m","message":"\u001b[34mRegistering HTTP-exposed managers\u001b[39m","modules":["user","school","classroom","student"],"timestamp":"2026-02-22 17:09:27"}
{"docs":"http://localhost:8000/api-docs","level":"\u001b[32minfo\u001b[39m","message":"\u001b[32mSCHOOL-MANAGEMENT is running\u001b[39m","port":"8000","timestamp":"2026-02-22 17:09:29"}
{"level":"\u001b[34mdebug\u001b[39m","message":"\u001b[34mRegistering HTTP-exposed managers\u001b[39m","modules":["user","school","classroom","student"],"timestamp":"2026-02-22 17:09:32"}
{"docs":"http://localhost:8000/api-docs","level":"\u001b[32minfo\u001b[39m","message":"\u001b[32mSCHOOL-MANAGEMENT is running\u001b[39m","port":"8000","timestamp":"2026-02-22 17:09:34"}
{"level":"\u001b[34mdebug\u001b[39m","message":"\u001b[34mRegistering HTTP-exposed managers\u001b[39m","modules":["user","school","classroom","student"],"timestamp":"2026-02-22 17:12:40"}
{"date":"Sun Feb 22 2026 17:12:40 GMT+0100 (West Africa Standard Time)","error":{"code":"ECONNREFUSED","hostname":"_mongodb._tcp.cluster0.nyeb7tz.mongodb.net","syscall":"querySrv"},"level":"\u001b[31merror\u001b[39m","message":"\u001b[31munhandledRejection: querySrv ECONNREFUSED _mongodb._tcp.cluster0.nyeb7tz.mongodb.net\u001b[39m\n\u001b[31mError: querySrv ECONNREFUSED _mongodb._tcp.cluster0.nyeb7tz.mongodb.net\u001b[39m\n\u001b[31m    at QueryReqWrap.onresolve [as oncomplete] (node:internal/dns/promises:293:17)\u001b[39m","os":{"loadavg":[2.2890625,2.40966796875,2.03759765625],"uptime":61928},"process":{"argv":["/Users/admin/Downloads/soar/school_management_system/node_modules/.bin/ts-node","/Users/admin/Downloads/soar/school_management_system/src/index.ts"],"cwd":"/Users/admin/Downloads/soar/school_management_system","execPath":"/Users/admin/.nvm/versions/node/v22.12.0/bin/node","gid":20,"memoryUsage":{"arrayBuffers":23258694,"external":26243789,"heapTotal":492994560,"heapUsed":452869264,"rss":634535936},"pid":91897,"uid":501,"version":"v22.12.0"},"rejection":true,"stack":"Error: querySrv ECONNREFUSED _mongodb._tcp.cluster0.nyeb7tz.mongodb.net\n    at QueryReqWrap.onresolve [as oncomplete] (node:internal/dns/promises:293:17)","timestamp":"2026-02-22 17:12:40","trace":[{"column":17,"file":"node:internal/dns/promises","function":"QueryReqWrap.onresolve [as oncomplete]","line":293,"method":"onresolve [as oncomplete]","native":false}]}
{"level":"\u001b[34mdebug\u001b[39m","message":"\u001b[34mRegistering HTTP-exposed managers\u001b[39m","modules":["user","school","classroom","student"],"timestamp":"2026-02-22 17:12:43"}
{"date":"Sun Feb 22 2026 17:12:43 GMT+0100 (West Africa Standard Time)","error":{"code":"ECONNREFUSED","hostname":"_mongodb._tcp.cluster0.nyeb7tz.mongodb.net","syscall":"querySrv"},"level":"\u001b[31merror\u001b[39m","message":"\u001b[31munhandledRejection: querySrv ECONNREFUSED _mongodb._tcp.cluster0.nyeb7tz.mongodb.net\u001b[39m\n\u001b[31mError: querySrv ECONNREFUSED _mongodb._tcp.cluster0.nyeb7tz.mongodb.net\u001b[39m\n\u001b[31m    at QueryReqWrap.onresolve [as oncomplete] (node:internal/dns/promises:293:17)\u001b[39m","os":{"loadavg":[2.2890625,2.40966796875,2.03759765625],"uptime":61931},"process":{"argv":["/Users/admin/Downloads/soar/school_management_system/node_modules/.bin/ts-node","/Users/admin/Downloads/soar/school_management_system/src/index.ts"],"cwd":"/Users/admin/Downloads/soar/school_management_system","execPath":"/Users/admin/.nvm/versions/node/v22.12.0/bin/node","gid":20,"memoryUsage":{"arrayBuffers":23137963,"external":26123058,"heapTotal":341819392,"heapUsed":183805096,"rss":624443392},"pid":91951,"uid":501,"version":"v22.12.0"},"rejection":true,"stack":"Error: querySrv ECONNREFUSED _mongodb._tcp.cluster0.nyeb7tz.mongodb.net\n    at QueryReqWrap.onresolve [as oncomplete] (node:internal/dns/promises:293:17)","timestamp":"2026-02-22 17:12:43","trace":[{"column":17,"file":"node:internal/dns/promises","function":"QueryReqWrap.onresolve [as oncomplete]","line":293,"method":"onresolve [as oncomplete]","native":false}]}
{"level":"\u001b[34mdebug\u001b[39m","message":"\u001b[34mRegistering HTTP-exposed managers\u001b[39m","modules":["user","school","classroom","student"],"timestamp":"2026-02-22 17:12:47"}
{"level":"\u001b[34mdebug\u001b[39m","message":"\u001b[34mRegistering HTTP-exposed managers\u001b[39m","modules":["user","school","classroom","student"],"timestamp":"2026-02-22 17:12:53"}
{"level":"\u001b[34mdebug\u001b[39m","message":"\u001b[34mRegistering HTTP-exposed managers\u001b[39m","modules":["user","school","classroom","student"],"timestamp":"2026-02-22 17:12:58"}
{"date":"Sun Feb 22 2026 17:12:58 GMT+0100 (West Africa Standard Time)","error":{"code":"ECONNREFUSED","hostname":"_mongodb._tcp.cluster0.nyeb7tz.mongodb.net","syscall":"querySrv"},"level":"\u001b[31merror\u001b[39m","message":"\u001b[31munhandledRejection: querySrv ECONNREFUSED _mongodb._tcp.cluster0.nyeb7tz.mongodb.net\u001b[39m\n\u001b[31mError: querySrv ECONNREFUSED _mongodb._tcp.cluster0.nyeb7tz.mongodb.net\u001b[39m\n\u001b[31m    at QueryReqWrap.onresolve [as oncomplete] (node:internal/dns/promises:293:17)\u001b[39m","os":{"loadavg":[2.021484375,2.3408203125,2.0185546875],"uptime":61946},"process":{"argv":["/Users/admin/Downloads/soar/school_management_system/node_modules/.bin/ts-node","/Users/admin/Downloads/soar/school_management_system/src/index.ts"],"cwd":"/Users/admin/Downloads/soar/school_management_system","execPath":"/Users/admin/.nvm/versions/node/v22.12.0/bin/node","gid":20,"memoryUsage":{"arrayBuffers":23138043,"external":26123138,"heapTotal":333168640,"heapUsed":182757424,"rss":628277248},"pid":92127,"uid":501,"version":"v22.12.0"},"rejection":true,"stack":"Error: querySrv ECONNREFUSED _mongodb._tcp.cluster0.nyeb7tz.mongodb.net\n    at QueryReqWrap.onresolve [as oncomplete] (node:internal/dns/promises:293:17)","timestamp":"2026-02-22 17:12:58","trace":[{"column":17,"file":"node:internal/dns/promises","function":"QueryReqWrap.onresolve [as oncomplete]","line":293,"method":"onresolve [as oncomplete]","native":false}]}
{"level":"\u001b[34mdebug\u001b[39m","message":"\u001b[34mRegistering HTTP-exposed managers\u001b[39m","modules":["user","school","classroom","student"],"timestamp":"2026-02-22 17:13:07"}
{"date":"Sun Feb 22 2026 17:13:07 GMT+0100 (West Africa Standard Time)","error":{"code":"ECONNREFUSED","hostname":"_mongodb._tcp.cluster0.nyeb7tz.mongodb.net","syscall":"querySrv"},"level":"\u001b[31merror\u001b[39m","message":"\u001b[31munhandledRejection: querySrv ECONNREFUSED _mongodb._tcp.cluster0.nyeb7tz.mongodb.net\u001b[39m\n\u001b[31mError: querySrv ECONNREFUSED _mongodb._tcp.cluster0.nyeb7tz.mongodb.net\u001b[39m\n\u001b[31m    at QueryReqWrap.onresolve [as oncomplete] (node:internal/dns/promises:293:17)\u001b[39m","os":{"loadavg":[2.392578125,2.4111328125,2.046875],"uptime":61955},"process":{"argv":["/Users/admin/Downloads/soar/school_management_system/node_modules/.bin/ts-node","/Users/admin/Downloads/soar/school_management_system/src/index.ts"],"cwd":"/Users/admin/Downloads/soar/school_management_system","execPath":"/Users/admin/.nvm/versions/node/v22.12.0/bin/node","gid":20,"memoryUsage":{"arrayBuffers":23276191,"external":26267110,"heapTotal":491683840,"heapUsed":450681848,"rss":633487360},"pid":92400,"uid":501,"version":"v22.12.0"},"rejection":true,"stack":"Error: querySrv ECONNREFUSED _mongodb._tcp.cluster0.nyeb7tz.mongodb.net\n    at QueryReqWrap.onresolve [as oncomplete] (node:internal/dns/promises:293:17)","timestamp":"2026-02-22 17:13:07","trace":[{"column":17,"file":"node:internal/dns/promises","function":"QueryReqWrap.onresolve [as oncomplete]","line":293,"method":"onresolve [as oncomplete]","native":false}]}
{"level":"\u001b[34mdebug\u001b[39m","message":"\u001b[34mRegistering HTTP-exposed managers\u001b[39m","modules":["user","school","classroom","student"],"timestamp":"2026-02-22 17:13:15"}
{"docs":"http://localhost:8000/api-docs","level":"\u001b[32minfo\u001b[39m","message":"\u001b[32mSCHOOL-MANAGEMENT is running\u001b[39m","port":"8000","timestamp":"2026-02-22 17:13:27"}
{"ip":"::1","level":"\u001b[32minfo\u001b[39m","message":"\u001b[32mPOST /api/auth/register\u001b[39m","timestamp":"2026-02-22 17:19:25","userAgent":"PostmanRuntime/7.51.1"}
{"fnName":"register","level":"\u001b[34mdebug\u001b[39m","message":"\u001b[34mIncoming API request\u001b[39m","method":"post","moduleName":"auth","timestamp":"2026-02-22 17:19:25"}
{"level":"\u001b[34mdebug\u001b[39m","message":"\u001b[34mRegistering HTTP-exposed managers\u001b[39m","modules":["user","school","classroom","student"],"timestamp":"2026-02-22 17:22:10"}
{"docs":"http://localhost:8000/api-docs","level":"\u001b[32minfo\u001b[39m","message":"\u001b[32mSCHOOL-MANAGEMENT is running\u001b[39m","port":"8000","timestamp":"2026-02-22 17:22:16"}
{"level":"\u001b[34mdebug\u001b[39m","message":"\u001b[34mRegistering HTTP-exposed managers\u001b[39m","modules":["user","school","classroom","student"],"timestamp":"2026-02-22 17:24:17"}
{"level":"\u001b[34mdebug\u001b[39m","message":"\u001b[34mRegistering HTTP-exposed managers\u001b[39m","modules":["user","school","classroom","student"],"timestamp":"2026-02-22 17:24:20"}
{"level":"\u001b[34mdebug\u001b[39m","message":"\u001b[34mRegistering HTTP-exposed managers\u001b[39m","modules":["user","school","classroom","student"],"timestamp":"2026-02-22 17:24:23"}
{"level":"\u001b[34mdebug\u001b[39m","message":"\u001b[34mRegistering HTTP-exposed managers\u001b[39m","modules":["user","school","classroom","student"],"timestamp":"2026-02-22 17:24:35"}
{"docs":"http://localhost:8000/api-docs","level":"\u001b[32minfo\u001b[39m","message":"\u001b[32mSCHOOL-MANAGEMENT is running\u001b[39m","port":"8000","timestamp":"2026-02-22 17:24:38"}
{"level":"\u001b[34mdebug\u001b[39m","message":"\u001b[34mRegistering HTTP-exposed managers\u001b[39m","modules":["user","school","classroom","student"],"timestamp":"2026-02-22 17:24:41"}
{"level":"\u001b[34mdebug\u001b[39m","message":"\u001b[34mRegistering HTTP-exposed managers\u001b[39m","modules":["user","school","classroom","student"],"timestamp":"2026-02-22 17:24:45"}
{"level":"\u001b[34mdebug\u001b[39m","message":"\u001b[34mRegistering HTTP-exposed managers\u001b[39m","modules":["user","school","classroom","student"],"timestamp":"2026-02-22 17:24:52"}
{"docs":"http://localhost:8000/api-docs","level":"\u001b[32minfo\u001b[39m","message":"\u001b[32mSCHOOL-MANAGEMENT is running\u001b[39m","port":"8000","timestamp":"2026-02-22 17:24:56"}
{"ip":"::1","level":"\u001b[32minfo\u001b[39m","message":"\u001b[32mPOST /api/user/register\u001b[39m","timestamp":"2026-02-22 17:25:03","userAgent":"PostmanRuntime/7.51.1"}
{"level":"\u001b[34mdebug\u001b[39m","message":"\u001b[34mRegistering HTTP-exposed managers\u001b[39m","modules":["user","school","classroom","student"],"timestamp":"2026-02-22 17:25:38"}
{"docs":"http://localhost:8000/api-docs","level":"\u001b[32minfo\u001b[39m","message":"\u001b[32mSCHOOL-MANAGEMENT is running\u001b[39m","port":"8000","timestamp":"2026-02-22 17:25:41"}
{"level":"\u001b[34mdebug\u001b[39m","message":"\u001b[34mRegistering HTTP-exposed managers\u001b[39m","modules":["user","school","classroom","student"],"timestamp":"2026-02-22 17:25:46"}
{"level":"\u001b[34mdebug\u001b[39m","message":"\u001b[34mRegistering HTTP-exposed managers\u001b[39m","modules":["user","school","classroom","student"],"timestamp":"2026-02-22 17:25:48"}
{"level":"\u001b[34mdebug\u001b[39m","message":"\u001b[34mRegistering HTTP-exposed managers\u001b[39m","modules":["user","school","classroom","student"],"timestamp":"2026-02-22 17:25:52"}
{"level":"\u001b[34mdebug\u001b[39m","message":"\u001b[34mRegistering HTTP-exposed managers\u001b[39m","modules":["user","school","classroom","student"],"timestamp":"2026-02-22 17:25:56"}
{"level":"\u001b[34mdebug\u001b[39m","message":"\u001b[34mRegistering HTTP-exposed managers\u001b[39m","modules":["user","school","classroom","student"],"timestamp":"2026-02-22 17:26:00"}
{"docs":"http://localhost:8000/api-docs","level":"\u001b[32minfo\u001b[39m","message":"\u001b[32mSCHOOL-MANAGEMENT is running\u001b[39m","port":"8000","timestamp":"2026-02-22 17:26:03"}
{"ip":"::1","level":"\u001b[32minfo\u001b[39m","message":"\u001b[32mPOST /api/user/register\u001b[39m","timestamp":"2026-02-22 17:27:29","userAgent":"PostmanRuntime/7.51.1"}
{"level":"\u001b[33mwarn\u001b[39m","message":"\u001b[33mMongoose connection disconnected\u001b[39m","timestamp":"2026-02-22 17:44:36"}
{"level":"\u001b[34mdebug\u001b[39m","message":"\u001b[34mRegistering HTTP-exposed managers\u001b[39m","modules":["auth","school","classroom","student"],"timestamp":"2026-02-22 17:46:21"}
{"docs":"http://localhost:8000/api-docs","level":"\u001b[32minfo\u001b[39m","message":"\u001b[32mSCHOOL-MANAGEMENT is running\u001b[39m","port":"8000","timestamp":"2026-02-22 17:46:24"}
{"ip":"::1","level":"\u001b[32minfo\u001b[39m","message":"\u001b[32mPOST /api/user/register\u001b[39m","timestamp":"2026-02-22 17:47:46","userAgent":"PostmanRuntime/7.51.1"}
{"ip":"::1","level":"\u001b[32minfo\u001b[39m","message":"\u001b[32mPOST /api/auth/register\u001b[39m","timestamp":"2026-02-22 17:48:14","userAgent":"PostmanRuntime/7.51.1"}
{"level":"\u001b[33mwarn\u001b[39m","message":"\u001b[33mMongoose connection disconnected\u001b[39m","timestamp":"2026-02-22 17:48:49"}
{"level":"\u001b[34mdebug\u001b[39m","message":"\u001b[34mRegistering HTTP-exposed managers\u001b[39m","modules":["auth","school","classroom","student"],"timestamp":"2026-02-22 17:48:55"}
{"docs":"http://localhost:8000/api-docs","level":"\u001b[32minfo\u001b[39m","message":"\u001b[32mSCHOOL-MANAGEMENT is running\u001b[39m","port":"8000","timestamp":"2026-02-22 17:49:00"}
{"level":"\u001b[34mdebug\u001b[39m","message":"\u001b[34mRegistering HTTP-exposed managers\u001b[39m","modules":["auth","school","classroom","student"],"timestamp":"2026-02-22 17:49:42"}
{"level":"\u001b[34mdebug\u001b[39m","message":"\u001b[34mRegistering HTTP-exposed managers\u001b[39m","modules":["auth","school","classroom","student"],"timestamp":"2026-02-22 17:49:47"}
{"docs":"http://localhost:8000/api-docs","level":"\u001b[32minfo\u001b[39m","message":"\u001b[32mSCHOOL-MANAGEMENT is running\u001b[39m","port":"8000","timestamp":"2026-02-22 17:49:50"}
{"level":"\u001b[34mdebug\u001b[39m","message":"\u001b[34mRegistering HTTP-exposed managers\u001b[39m","modules":["auth","school","classroom","student"],"timestamp":"2026-02-22 17:51:25"}
{"level":"\u001b[34mdebug\u001b[39m","message":"\u001b[34mRegistering HTTP-exposed managers\u001b[39m","modules":["auth","school","classroom","student"],"timestamp":"2026-02-22 17:51:28"}
{"level":"\u001b[34mdebug\u001b[39m","message":"\u001b[34mRegistering HTTP-exposed managers\u001b[39m","modules":["auth","school","classroom","student"],"timestamp":"2026-02-22 17:51:34"}
{"docs":"http://localhost:8000/api-docs","level":"\u001b[32minfo\u001b[39m","message":"\u001b[32mSCHOOL-MANAGEMENT is running\u001b[39m","port":"8000","timestamp":"2026-02-22 17:51:38"}
{"level":"\u001b[34mdebug\u001b[39m","message":"\u001b[34mRegistering HTTP-exposed managers\u001b[39m","modules":["auth","school","classroom","student"],"timestamp":"2026-02-22 17:55:14"}
{"level":"\u001b[34mdebug\u001b[39m","message":"\u001b[34mRegistering HTTP-exposed managers\u001b[39m","modules":["auth","school","classroom","student"],"timestamp":"2026-02-22 17:55:18"}
{"docs":"http://localhost:8000/api-docs","level":"\u001b[32minfo\u001b[39m","message":"\u001b[32mSCHOOL-MANAGEMENT is running\u001b[39m","port":"8000","timestamp":"2026-02-22 17:55:20"}
{"level":"\u001b[34mdebug\u001b[39m","message":"\u001b[34mRegistering HTTP-exposed managers\u001b[39m","modules":["auth","school","classroom","student"],"timestamp":"2026-02-22 17:55:25"}
{"level":"\u001b[34mdebug\u001b[39m","message":"\u001b[34mRegistering HTTP-exposed managers\u001b[39m","modules":["auth","school","classroom","student"],"timestamp":"2026-02-22 17:55:28"}
{"docs":"http://localhost:8000/api-docs","level":"\u001b[32minfo\u001b[39m","message":"\u001b[32mSCHOOL-MANAGEMENT is running\u001b[39m","port":"8000","timestamp":"2026-02-22 17:55:30"}
{"error":"Unexpected end of JSON input","level":"\u001b[31merror\u001b[39m","message":"\u001b[31mUnhandled Express error\u001b[39m","stack":"SyntaxError: Unexpected end of JSON input\n    at JSON.parse (<anonymous>)\n    at createStrictSyntaxError (/Users/admin/Downloads/soar/school_management_system/node_modules/body-parser/lib/types/json.js:169:10)\n    at parse (/Users/admin/Downloads/soar/school_management_system/node_modules/body-parser/lib/types/json.js:86:15)\n    at /Users/admin/Downloads/soar/school_management_system/node_modules/body-parser/lib/read.js:128:18\n    at AsyncResource.runInAsyncScope (node:async_hooks:211:14)\n    at invokeCallback (/Users/admin/Downloads/soar/school_management_system/node_modules/raw-body/index.js:238:16)\n    at done (/Users/admin/Downloads/soar/school_management_system/node_modules/raw-body/index.js:227:7)\n    at IncomingMessage.onEnd (/Users/admin/Downloads/soar/school_management_system/node_modules/raw-body/index.js:287:7)\n    at IncomingMessage.emit (node:events:524:28)\n    at IncomingMessage.emit (node:domain:489:12)","timestamp":"2026-02-22 17:55:38"}
{"ip":"::1","level":"\u001b[32minfo\u001b[39m","message":"\u001b[32mPOST /api/auth/register\u001b[39m","timestamp":"2026-02-22 17:55:44","userAgent":"PostmanRuntime/7.51.1"}
{"ip":"::1","level":"\u001b[32minfo\u001b[39m","message":"\u001b[32mPOST /api/auth/register\u001b[39m","timestamp":"2026-02-22 17:55:57","userAgent":"PostmanRuntime/7.51.1"}
{"level":"\u001b[34mdebug\u001b[39m","message":"\u001b[34mRegistering HTTP-exposed managers\u001b[39m","modules":["auth","school","classroom","student"],"timestamp":"2026-02-22 17:57:22"}
{"docs":"http://localhost:8000/api-docs","level":"\u001b[32minfo\u001b[39m","message":"\u001b[32mSCHOOL-MANAGEMENT is running\u001b[39m","port":"8000","timestamp":"2026-02-22 17:57:26"}
{"level":"\u001b[34mdebug\u001b[39m","message":"\u001b[34mRegistering HTTP-exposed managers\u001b[39m","modules":["auth","school","classroom","student"],"timestamp":"2026-02-22 17:57:30"}
{"level":"\u001b[34mdebug\u001b[39m","message":"\u001b[34mRegistering HTTP-exposed managers\u001b[39m","modules":["auth","school","classroom","student"],"timestamp":"2026-02-22 17:57:33"}
{"docs":"http://localhost:8000/api-docs","level":"\u001b[32minfo\u001b[39m","message":"\u001b[32mSCHOOL-MANAGEMENT is running\u001b[39m","port":"8000","timestamp":"2026-02-22 17:57:36"}
{"level":"\u001b[34mdebug\u001b[39m","message":"\u001b[34mRegistering HTTP-exposed managers\u001b[39m","modules":["auth","school","classroom","student"],"timestamp":"2026-02-22 17:58:04"}
{"docs":"http://localhost:8000/api-docs","level":"\u001b[32minfo\u001b[39m","message":"\u001b[32mSCHOOL-MANAGEMENT is running\u001b[39m","port":"8000","timestamp":"2026-02-22 17:58:07"}
{"level":"\u001b[34mdebug\u001b[39m","message":"\u001b[34mRegistering HTTP-exposed managers\u001b[39m","modules":["auth","school","classroom","student"],"timestamp":"2026-02-22 17:58:49"}
{"docs":"http://localhost:8000/api-docs","level":"\u001b[32minfo\u001b[39m","message":"\u001b[32mSCHOOL-MANAGEMENT is running\u001b[39m","port":"8000","timestamp":"2026-02-22 17:58:51"}
{"level":"\u001b[34mdebug\u001b[39m","message":"\u001b[34mRegistering HTTP-exposed managers\u001b[39m","modules":["auth","school","classroom","student"],"timestamp":"2026-02-22 18:00:27"}
{"level":"\u001b[34mdebug\u001b[39m","message":"\u001b[34mRegistering HTTP-exposed managers\u001b[39m","modules":["auth","school","classroom","student"],"timestamp":"2026-02-22 18:00:32"}
{"docs":"http://localhost:8000/api-docs","level":"\u001b[32minfo\u001b[39m","message":"\u001b[32mSCHOOL-MANAGEMENT is running\u001b[39m","port":"8000","timestamp":"2026-02-22 18:00:44"}
{"ip":"::1","level":"\u001b[32minfo\u001b[39m","message":"\u001b[32mPOST /api/auth/register\u001b[39m","timestamp":"2026-02-22 18:21:20","userAgent":"PostmanRuntime/7.51.1"}
{"level":"\u001b[34mdebug\u001b[39m","message":"\u001b[34mRegistering HTTP-exposed managers\u001b[39m","modules":["auth","school","classroom","student"],"timestamp":"2026-02-22 18:22:01"}
{"docs":"http://localhost:8000/api-docs","level":"\u001b[32minfo\u001b[39m","message":"\u001b[32mSCHOOL-MANAGEMENT is running\u001b[39m","port":"8000","timestamp":"2026-02-22 18:22:10"}
{"ip":"::1","level":"\u001b[32minfo\u001b[39m","message":"\u001b[32mPOST /api/auth/login\u001b[39m","timestamp":"2026-02-22 18:23:11","userAgent":"PostmanRuntime/7.51.1"}
{"ip":"::1","level":"\u001b[32minfo\u001b[39m","message":"\u001b[32mPOST /api/auth/login\u001b[39m","timestamp":"2026-02-22 18:25:36","userAgent":"PostmanRuntime/7.51.1"}
{"ip":"::1","level":"\u001b[32minfo\u001b[39m","message":"\u001b[32mPOST /api/auth/login\u001b[39m","timestamp":"2026-02-22 18:27:06","userAgent":"PostmanRuntime/7.51.1"}
{"ip":"::1","level":"\u001b[32minfo\u001b[39m","message":"\u001b[32mPOST /api/auth/login\u001b[39m","timestamp":"2026-02-22 18:28:29","userAgent":"PostmanRuntime/7.51.1"}
{"ip":"::1","level":"\u001b[32minfo\u001b[39m","message":"\u001b[32mPOST /api/school/login\u001b[39m","timestamp":"2026-02-22 18:31:00","userAgent":"PostmanRuntime/7.51.1"}
{"ip":"::1","level":"\u001b[32minfo\u001b[39m","message":"\u001b[32mPOST /api/school/createSchool\u001b[39m","timestamp":"2026-02-22 18:31:53","userAgent":"PostmanRuntime/7.51.1"}
{"ip":"::1","level":"\u001b[33mwarn\u001b[39m","message":"\u001b[33mRequest rejected: missing token header\u001b[39m","method":"POST","path":"/api/school/createSchool","timestamp":"2026-02-22 18:31:53"}
{"ip":"::1","level":"\u001b[32minfo\u001b[39m","message":"\u001b[32mPOST /api/school/createSchool\u001b[39m","timestamp":"2026-02-22 18:33:02","userAgent":"PostmanRuntime/7.51.1"}
{"ip":"::1","level":"\u001b[33mwarn\u001b[39m","message":"\u001b[33mRequest rejected: missing token header\u001b[39m","method":"POST","path":"/api/school/createSchool","timestamp":"2026-02-22 18:33:02"}
{"ip":"::1","level":"\u001b[32minfo\u001b[39m","message":"\u001b[32mPOST /api/school/createSchool\u001b[39m","timestamp":"2026-02-22 18:33:03","userAgent":"PostmanRuntime/7.51.1"}
{"ip":"::1","level":"\u001b[33mwarn\u001b[39m","message":"\u001b[33mRequest rejected: missing token header\u001b[39m","method":"POST","path":"/api/school/createSchool","timestamp":"2026-02-22 18:33:03"}
{"ip":"::1","level":"\u001b[32minfo\u001b[39m","message":"\u001b[32mPOST /api/school/createSchool\u001b[39m","timestamp":"2026-02-22 18:33:04","userAgent":"PostmanRuntime/7.51.1"}
{"ip":"::1","level":"\u001b[33mwarn\u001b[39m","message":"\u001b[33mRequest rejected: missing token header\u001b[39m","method":"POST","path":"/api/school/createSchool","timestamp":"2026-02-22 18:33:04"}
{"ip":"::1","level":"\u001b[32minfo\u001b[39m","message":"\u001b[32mPOST /api/school/createSchool\u001b[39m","timestamp":"2026-02-22 18:33:46","userAgent":"PostmanRuntime/7.51.1"}
{"ip":"::1","level":"\u001b[33mwarn\u001b[39m","message":"\u001b[33mRequest rejected: missing token header\u001b[39m","method":"POST","path":"/api/school/createSchool","timestamp":"2026-02-22 18:33:46"}
{"ip":"::1","level":"\u001b[32minfo\u001b[39m","message":"\u001b[32mPOST /api/school/createSchool\u001b[39m","timestamp":"2026-02-22 18:33:47","userAgent":"PostmanRuntime/7.51.1"}
{"ip":"::1","level":"\u001b[33mwarn\u001b[39m","message":"\u001b[33mRequest rejected: missing token header\u001b[39m","method":"POST","path":"/api/school/createSchool","timestamp":"2026-02-22 18:33:47"}
{"ip":"::1","level":"\u001b[32minfo\u001b[39m","message":"\u001b[32mPOST /api/school/createSchool\u001b[39m","timestamp":"2026-02-22 18:34:50","userAgent":"PostmanRuntime/7.51.1"}
{"ip":"::1","level":"\u001b[32minfo\u001b[39m","message":"\u001b[32mPOST /api/school/createSchool\u001b[39m","timestamp":"2026-02-22 18:35:18","userAgent":"PostmanRuntime/7.51.1"}
{"level":"\u001b[34mdebug\u001b[39m","message":"\u001b[34mRegistering HTTP-exposed managers\u001b[39m","modules":["auth","school","classroom","student"],"timestamp":"2026-02-22 19:38:23"}
{"docs":"http://localhost:8000/api-docs","level":"\u001b[32minfo\u001b[39m","message":"\u001b[32mSCHOOL-MANAGEMENT is running\u001b[39m","port":"8000","timestamp":"2026-02-22 19:38:32"}
{"ip":"::1","level":"\u001b[32minfo\u001b[39m","message":"\u001b[32mPOST /api/school/createSchool\u001b[39m","timestamp":"2026-02-22 19:39:25","userAgent":"PostmanRuntime/7.51.1"}
{"level":"\u001b[34mdebug\u001b[39m","message":"\u001b[34mRegistering HTTP-exposed managers\u001b[39m","modules":["auth","school","classroom","student"],"timestamp":"2026-02-22 19:39:51"}
{"docs":"http://localhost:8000/api-docs","level":"\u001b[32minfo\u001b[39m","message":"\u001b[32mSCHOOL-MANAGEMENT is running\u001b[39m","port":"8000","timestamp":"2026-02-22 19:40:50"}
{"ip":"::1","level":"\u001b[32minfo\u001b[39m","message":"\u001b[32mPOST /api/school/getSchool\u001b[39m","timestamp":"2026-02-22 19:47:47","userAgent":"PostmanRuntime/7.51.1"}
{"ip":"::1","level":"\u001b[32minfo\u001b[39m","message":"\u001b[32mGET /api/school/getSchool\u001b[39m","timestamp":"2026-02-22 19:47:56","userAgent":"PostmanRuntime/7.51.1"}
{"ip":"::1","level":"\u001b[33mwarn\u001b[39m","message":"\u001b[33mRequest rejected: missing token header\u001b[39m","method":"GET","path":"/api/school/getSchool","timestamp":"2026-02-22 19:47:56"}
{"ip":"::1","level":"\u001b[32minfo\u001b[39m","message":"\u001b[32mGET /api/school/getSchool\u001b[39m","timestamp":"2026-02-22 19:48:30","userAgent":"PostmanRuntime/7.51.1"}
{"ip":"::1","level":"\u001b[32minfo\u001b[39m","message":"\u001b[32mGET /api/school/getSchool\u001b[39m","timestamp":"2026-02-22 19:48:42","userAgent":"PostmanRuntime/7.51.1"}
{"ip":"::1","level":"\u001b[32minfo\u001b[39m","message":"\u001b[32mGET /api/school/getSchool\u001b[39m","timestamp":"2026-02-22 19:49:17","userAgent":"PostmanRuntime/7.51.1"}
{"level":"\u001b[34mdebug\u001b[39m","message":"\u001b[34mRegistering HTTP-exposed managers\u001b[39m","modules":["auth","school","classroom","student"],"timestamp":"2026-02-22 19:49:44"}
{"level":"\u001b[34mdebug\u001b[39m","message":"\u001b[34mRegistering HTTP-exposed managers\u001b[39m","modules":["auth","school","classroom","student"],"timestamp":"2026-02-22 19:49:49"}
{"docs":"http://localhost:8000/api-docs","level":"\u001b[32minfo\u001b[39m","message":"\u001b[32mSCHOOL-MANAGEMENT is running\u001b[39m","port":"8000","timestamp":"2026-02-22 19:50:00"}
{"ip":"::1","level":"\u001b[32minfo\u001b[39m","message":"\u001b[32mGET /api/school/getSchool\u001b[39m","timestamp":"2026-02-22 19:50:01","userAgent":"PostmanRuntime/7.51.1"}
{"ip":"::1","level":"\u001b[32minfo\u001b[39m","message":"\u001b[32mGET /api/school/getSchool\u001b[39m","timestamp":"2026-02-22 19:50:11","userAgent":"PostmanRuntime/7.51.1"}
{"ip":"::1","level":"\u001b[32minfo\u001b[39m","message":"\u001b[32mGET /api/school/getSchool\u001b[39m","timestamp":"2026-02-22 19:50:42","userAgent":"PostmanRuntime/7.51.1"}
{"ip":"::1","level":"\u001b[32minfo\u001b[39m","message":"\u001b[32mGET /api/school/getSchool\u001b[39m","timestamp":"2026-02-22 19:50:45","userAgent":"PostmanRuntime/7.51.1"}
{"ip":"::1","level":"\u001b[32minfo\u001b[39m","message":"\u001b[32mGET /api/school/getSchool\u001b[39m","timestamp":"2026-02-22 19:50:46","userAgent":"PostmanRuntime/7.51.1"}
{"ip":"::1","level":"\u001b[32minfo\u001b[39m","message":"\u001b[32mGET /api/school/getSchool\u001b[39m","timestamp":"2026-02-22 19:50:48","userAgent":"PostmanRuntime/7.51.1"}
{"ip":"::1","level":"\u001b[32minfo\u001b[39m","message":"\u001b[32mGET /api/school/getSchool\u001b[39m","timestamp":"2026-02-22 19:50:49","userAgent":"PostmanRuntime/7.51.1"}
{"level":"\u001b[34mdebug\u001b[39m","message":"\u001b[34mRegistering HTTP-exposed managers\u001b[39m","modules":["auth","school","classroom","student"],"timestamp":"2026-02-22 19:50:59"}
{"docs":"http://localhost:8000/api-docs","level":"\u001b[32minfo\u001b[39m","message":"\u001b[32mSCHOOL-MANAGEMENT is running\u001b[39m","port":"8000","timestamp":"2026-02-22 19:51:21"}
{"ip":"::1","level":"\u001b[32minfo\u001b[39m","message":"\u001b[32mGET /api/school/getSchool\u001b[39m","timestamp":"2026-02-22 19:51:25","userAgent":"PostmanRuntime/7.51.1"}
{"ip":"::1","level":"\u001b[32minfo\u001b[39m","message":"\u001b[32mGET /api/school/getSchool\u001b[39m","timestamp":"2026-02-22 19:51:35","userAgent":"PostmanRuntime/7.51.1"}
{"level":"\u001b[34mdebug\u001b[39m","message":"\u001b[34mRegistering HTTP-exposed managers\u001b[39m","modules":["auth","school","classroom","student"],"timestamp":"2026-02-22 19:51:50"}
{"level":"\u001b[34mdebug\u001b[39m","message":"\u001b[34mRegistering HTTP-exposed managers\u001b[39m","modules":["auth","school","classroom","student"],"timestamp":"2026-02-22 19:51:55"}
{"date":"Sun Feb 22 2026 19:51:55 GMT+0100 (West Africa Standard Time)","error":{"code":"ESERVFAIL","hostname":"_mongodb._tcp.cluster0.nyeb7tz.mongodb.net","syscall":"querySrv"},"level":"\u001b[31merror\u001b[39m","message":"\u001b[31munhandledRejection: querySrv ESERVFAIL _mongodb._tcp.cluster0.nyeb7tz.mongodb.net\u001b[39m\n\u001b[31mError: querySrv ESERVFAIL _mongodb._tcp.cluster0.nyeb7tz.mongodb.net\u001b[39m\n\u001b[31m    at QueryReqWrap.onresolve [as oncomplete] (node:internal/dns/promises:293:17)\u001b[39m","os":{"loadavg":[2.16162109375,2.2490234375,1.94921875],"uptime":71483},"process":{"argv":["/Users/admin/Downloads/soar/school_management_system/node_modules/.bin/ts-node","/Users/admin/Downloads/soar/school_management_system/src/index.ts"],"cwd":"/Users/admin/Downloads/soar/school_management_system","execPath":"/Users/admin/.nvm/versions/node/v22.12.0/bin/node","gid":20,"memoryUsage":{"arrayBuffers":23137787,"external":26122882,"heapTotal":331595776,"heapUsed":188693608,"rss":620593152},"pid":38153,"uid":501,"version":"v22.12.0"},"rejection":true,"stack":"Error: querySrv ESERVFAIL _mongodb._tcp.cluster0.nyeb7tz.mongodb.net\n    at QueryReqWrap.onresolve [as oncomplete] (node:internal/dns/promises:293:17)","timestamp":"2026-02-22 19:51:55","trace":[{"column":17,"file":"node:internal/dns/promises","function":"QueryReqWrap.onresolve [as oncomplete]","line":293,"method":"onresolve [as oncomplete]","native":false}]}
{"level":"\u001b[34mdebug\u001b[39m","message":"\u001b[34mRegistering HTTP-exposed managers\u001b[39m","modules":["auth","school","classroom","student"],"timestamp":"2026-02-22 19:55:22"}
{"docs":"http://localhost:8000/api-docs","level":"\u001b[32minfo\u001b[39m","message":"\u001b[32mSCHOOL-MANAGEMENT is running\u001b[39m","port":"8000","timestamp":"2026-02-22 19:55:27"}
{"ip":"::1","level":"\u001b[32minfo\u001b[39m","message":"\u001b[32mGET /api/school/getSchools\u001b[39m","timestamp":"2026-02-22 19:55:28","userAgent":"PostmanRuntime/7.51.1"}
{"ip":"::1","level":"\u001b[33mwarn\u001b[39m","message":"\u001b[33mRequest rejected: missing token header\u001b[39m","method":"GET","path":"/api/school/getSchools","timestamp":"2026-02-22 19:55:28"}
{"ip":"::1","level":"\u001b[32minfo\u001b[39m","message":"\u001b[32mGET /api/school/getSchools\u001b[39m","timestamp":"2026-02-22 19:55:46","userAgent":"PostmanRuntime/7.51.1"}
{"ip":"::1","level":"\u001b[32minfo\u001b[39m","message":"\u001b[32mGET /api/school/getSchools\u001b[39m","timestamp":"2026-02-22 19:55:56","userAgent":"PostmanRuntime/7.51.1"}
{"ip":"::1","level":"\u001b[32minfo\u001b[39m","message":"\u001b[32mGET /api/school/getSchools\u001b[39m","timestamp":"2026-02-22 19:56:29","userAgent":"PostmanRuntime/7.51.1"}
{"level":"\u001b[34mdebug\u001b[39m","message":"\u001b[34mRegistering HTTP-exposed managers\u001b[39m","modules":["auth","school","classroom","student"],"timestamp":"2026-02-22 19:57:53"}
{"date":"Sun Feb 22 2026 19:58:44 GMT+0100 (West Africa Standard Time)","error":{"code":"ESERVFAIL","hostname":"_mongodb._tcp.cluster0.nyeb7tz.mongodb.net","syscall":"querySrv"},"level":"\u001b[31merror\u001b[39m","message":"\u001b[31munhandledRejection: querySrv ESERVFAIL _mongodb._tcp.cluster0.nyeb7tz.mongodb.net\u001b[39m\n\u001b[31mError: querySrv ESERVFAIL _mongodb._tcp.cluster0.nyeb7tz.mongodb.net\u001b[39m\n\u001b[31m    at QueryReqWrap.onresolve [as oncomplete] (node:internal/dns/promises:293:17)\u001b[39m","os":{"loadavg":[1.79736328125,1.97021484375,1.9130859375],"uptime":71892},"process":{"argv":["/Users/admin/Downloads/soar/school_management_system/node_modules/.bin/ts-node","/Users/admin/Downloads/soar/school_management_system/src/index.ts"],"cwd":"/Users/admin/Downloads/soar/school_management_system","execPath":"/Users/admin/.nvm/versions/node/v22.12.0/bin/node","gid":20,"memoryUsage":{"arrayBuffers":23124083,"external":26109178,"heapTotal":174309376,"heapUsed":167625864,"rss":242040832},"pid":41098,"uid":501,"version":"v22.12.0"},"rejection":true,"stack":"Error: querySrv ESERVFAIL _mongodb._tcp.cluster0.nyeb7tz.mongodb.net\n    at QueryReqWrap.onresolve [as oncomplete] (node:internal/dns/promises:293:17)","timestamp":"2026-02-22 19:58:44","trace":[{"column":17,"file":"node:internal/dns/promises","function":"QueryReqWrap.onresolve [as oncomplete]","line":293,"method":"onresolve [as oncomplete]","native":false}]}
{"level":"\u001b[34mdebug\u001b[39m","message":"\u001b[34mRegistering HTTP-exposed managers\u001b[39m","modules":["auth","school","classroom","student"],"timestamp":"2026-02-22 20:00:59"}
{"docs":"http://localhost:8000/api-docs","level":"\u001b[32minfo\u001b[39m","message":"\u001b[32mSCHOOL-MANAGEMENT is running\u001b[39m","port":"8000","timestamp":"2026-02-22 20:01:17"}
{"ip":"::1","level":"\u001b[32minfo\u001b[39m","message":"\u001b[32mPUT /api/school/updateSchool\u001b[39m","timestamp":"2026-02-22 20:03:50","userAgent":"PostmanRuntime/7.51.1"}
{"ip":"::1","level":"\u001b[32minfo\u001b[39m","message":"\u001b[32mPUT /api/school/updateSchool\u001b[39m","timestamp":"2026-02-22 20:04:02","userAgent":"PostmanRuntime/7.51.1"}
{"ip":"::1","level":"\u001b[32minfo\u001b[39m","message":"\u001b[32mPUT /api/school/updateSchool\u001b[39m","timestamp":"2026-02-22 20:04:30","userAgent":"PostmanRuntime/7.51.1"}
{"ip":"::1","level":"\u001b[32minfo\u001b[39m","message":"\u001b[32mPOST /api/school/updateSchool\u001b[39m","timestamp":"2026-02-22 20:04:55","userAgent":"PostmanRuntime/7.51.1"}
{"ip":"::1","level":"\u001b[32minfo\u001b[39m","message":"\u001b[32mPOST /api/school/updateSchool\u001b[39m","timestamp":"2026-02-22 20:04:55","userAgent":"PostmanRuntime/7.51.1"}
{"ip":"::1","level":"\u001b[32minfo\u001b[39m","message":"\u001b[32mPUT /api/school/updateSchool\u001b[39m","timestamp":"2026-02-22 20:05:30","userAgent":"PostmanRuntime/7.51.1"}
{"level":"\u001b[34mdebug\u001b[39m","message":"\u001b[34mRegistering HTTP-exposed managers\u001b[39m","modules":["auth","school","classroom","student"],"timestamp":"2026-02-22 20:06:37"}
{"level":"\u001b[34mdebug\u001b[39m","message":"\u001b[34mRegistering HTTP-exposed managers\u001b[39m","modules":["auth","school","classroom","student"],"timestamp":"2026-02-22 20:06:43"}
{"level":"\u001b[34mdebug\u001b[39m","message":"\u001b[34mRegistering HTTP-exposed managers\u001b[39m","modules":["auth","school","classroom","student"],"timestamp":"2026-02-22 20:06:49"}
{"level":"\u001b[34mdebug\u001b[39m","message":"\u001b[34mRegistering HTTP-exposed managers\u001b[39m","modules":["auth","school","classroom","student"],"timestamp":"2026-02-22 20:06:56"}
{"level":"\u001b[34mdebug\u001b[39m","message":"\u001b[34mRegistering HTTP-exposed managers\u001b[39m","modules":["auth","school","classroom","student"],"timestamp":"2026-02-22 20:06:58"}
{"docs":"http://localhost:8000/api-docs","level":"\u001b[32minfo\u001b[39m","message":"\u001b[32mSCHOOL-MANAGEMENT is running\u001b[39m","port":"8000","timestamp":"2026-02-22 20:07:16"}
{"ip":"::1","level":"\u001b[32minfo\u001b[39m","message":"\u001b[32mDELETE /api/school/deleteSchool\u001b[39m","timestamp":"2026-02-22 20:09:40","userAgent":"PostmanRuntime/7.51.1"}
{"ip":"::1","level":"\u001b[33mwarn\u001b[39m","message":"\u001b[33mRequest rejected: missing token header\u001b[39m","method":"DELETE","path":"/api/school/deleteSchool","timestamp":"2026-02-22 20:09:40"}
{"ip":"::1","level":"\u001b[32minfo\u001b[39m","message":"\u001b[32mDELETE /api/school/deleteSchool\u001b[39m","timestamp":"2026-02-22 20:10:02","userAgent":"PostmanRuntime/7.51.1"}
{"ip":"::1","level":"\u001b[32minfo\u001b[39m","message":"\u001b[32mPOST /api/classroom/createClassroom\u001b[39m","timestamp":"2026-02-22 20:19:10","userAgent":"PostmanRuntime/7.51.1"}
{"ip":"::1","level":"\u001b[33mwarn\u001b[39m","message":"\u001b[33mRequest rejected: missing token header\u001b[39m","method":"POST","path":"/api/classroom/createClassroom","timestamp":"2026-02-22 20:19:10"}
{"ip":"::1","level":"\u001b[32minfo\u001b[39m","message":"\u001b[32mPOST /api/classroom/createClassroom\u001b[39m","timestamp":"2026-02-22 20:19:22","userAgent":"PostmanRuntime/7.51.1"}
{"ip":"::1","level":"\u001b[32minfo\u001b[39m","message":"\u001b[32mPOST /api/classroom/createClassroom\u001b[39m","timestamp":"2026-02-22 20:20:29","userAgent":"PostmanRuntime/7.51.1"}
{"level":"\u001b[34mdebug\u001b[39m","message":"\u001b[34mRegistering HTTP-exposed managers\u001b[39m","modules":["auth","school","classroom","student"],"timestamp":"2026-02-22 20:27:38"}
{"docs":"http://localhost:8000/api-docs","level":"\u001b[32minfo\u001b[39m","message":"\u001b[32mSCHOOL-MANAGEMENT is running\u001b[39m","port":"8000","timestamp":"2026-02-22 20:27:58"}
{"level":"\u001b[34mdebug\u001b[39m","message":"\u001b[34mRegistering HTTP-exposed managers\u001b[39m","modules":["auth","school","classroom","student"],"timestamp":"2026-02-22 20:28:31"}
{"level":"\u001b[34mdebug\u001b[39m","message":"\u001b[34mRegistering HTTP-exposed managers\u001b[39m","modules":["auth","school","classroom","student"],"timestamp":"2026-02-22 20:28:34"}
{"level":"\u001b[34mdebug\u001b[39m","message":"\u001b[34mRegistering HTTP-exposed managers\u001b[39m","modules":["auth","school","classroom","student"],"timestamp":"2026-02-22 20:28:40"}
{"date":"Sun Feb 22 2026 20:28:42 GMT+0100 (West Africa Standard Time)","error":{"code":"ESERVFAIL","hostname":"cluster0.nyeb7tz.mongodb.net","syscall":"queryTxt"},"level":"\u001b[31merror\u001b[39m","message":"\u001b[31munhandledRejection: queryTxt ESERVFAIL cluster0.nyeb7tz.mongodb.net\u001b[39m\n\u001b[31mError: queryTxt ESERVFAIL cluster0.nyeb7tz.mongodb.net\u001b[39m\n\u001b[31m    at QueryReqWrap.onresolve [as oncomplete] (node:internal/dns/promises:293:17)\u001b[39m","os":{"loadavg":[2.49609375,2.14404296875,2.02685546875],"uptime":73690},"process":{"argv":["/Users/admin/Downloads/soar/school_management_system/node_modules/.bin/ts-node","/Users/admin/Downloads/soar/school_management_system/src/index.ts"],"cwd":"/Users/admin/Downloads/soar/school_management_system","execPath":"/Users/admin/.nvm/versions/node/v22.12.0/bin/node","gid":20,"memoryUsage":{"arrayBuffers":23137859,"external":26122954,"heapTotal":336576512,"heapUsed":186928024,"rss":622182400},"pid":57553,"uid":501,"version":"v22.12.0"},"rejection":true,"stack":"Error: queryTxt ESERVFAIL cluster0.nyeb7tz.mongodb.net\n    at QueryReqWrap.onresolve [as oncomplete] (node:internal/dns/promises:293:17)","timestamp":"2026-02-22 20:28:42","trace":[{"column":17,"file":"node:internal/dns/promises","function":"QueryReqWrap.onresolve [as oncomplete]","line":293,"method":"onresolve [as oncomplete]","native":false}]}
{"level":"\u001b[34mdebug\u001b[39m","message":"\u001b[34mRegistering HTTP-exposed managers\u001b[39m","modules":["auth","school","classroom","student"],"timestamp":"2026-02-22 20:28:58"}
{"date":"Sun Feb 22 2026 20:28:58 GMT+0100 (West Africa Standard Time)","error":{"code":"ESERVFAIL","hostname":"_mongodb._tcp.cluster0.nyeb7tz.mongodb.net","syscall":"querySrv"},"level":"\u001b[31merror\u001b[39m","message":"\u001b[31munhandledRejection: querySrv ESERVFAIL _mongodb._tcp.cluster0.nyeb7tz.mongodb.net\u001b[39m\n\u001b[31mError: querySrv ESERVFAIL _mongodb._tcp.cluster0.nyeb7tz.mongodb.net\u001b[39m\n\u001b[31m    at QueryReqWrap.onresolve [as oncomplete] (node:internal/dns/promises:293:17)\u001b[39m","os":{"loadavg":[2.25,2.1044921875,2.013671875],"uptime":73706},"process":{"argv":["/Users/admin/Downloads/soar/school_management_system/node_modules/.bin/ts-node","/Users/admin/Downloads/soar/school_management_system/src/index.ts"],"cwd":"/Users/admin/Downloads/soar/school_management_system","execPath":"/Users/admin/.nvm/versions/node/v22.12.0/bin/node","gid":20,"memoryUsage":{"arrayBuffers":23132051,"external":26122970,"heapTotal":325042176,"heapUsed":185731464,"rss":416153600},"pid":57752,"uid":501,"version":"v22.12.0"},"rejection":true,"stack":"Error: querySrv ESERVFAIL _mongodb._tcp.cluster0.nyeb7tz.mongodb.net\n    at QueryReqWrap.onresolve [as oncomplete] (node:internal/dns/promises:293:17)","timestamp":"2026-02-22 20:28:58","trace":[{"column":17,"file":"node:internal/dns/promises","function":"QueryReqWrap.onresolve [as oncomplete]","line":293,"method":"onresolve [as oncomplete]","native":false}]}
{"level":"\u001b[34mdebug\u001b[39m","message":"\u001b[34mRegistering HTTP-exposed managers\u001b[39m","modules":["auth","school","classroom","student"],"timestamp":"2026-02-22 20:30:54"}
{"docs":"http://localhost:8000/api-docs","level":"\u001b[32minfo\u001b[39m","message":"\u001b[32mSCHOOL-MANAGEMENT is running\u001b[39m","port":"8000","timestamp":"2026-02-22 20:31:11"}
{"ip":"::1","level":"\u001b[32minfo\u001b[39m","message":"\u001b[32mPOST /api/classroom/createClassroom\u001b[39m","timestamp":"2026-02-22 20:31:16","userAgent":"PostmanRuntime/7.51.1"}
{"ip":"::1","level":"\u001b[32minfo\u001b[39m","message":"\u001b[32mPOST /api/school/createSchool\u001b[39m","timestamp":"2026-02-22 20:31:30","userAgent":"PostmanRuntime/7.51.1"}
{"ip":"::1","level":"\u001b[32minfo\u001b[39m","message":"\u001b[32mPOST /api/classroom/createClassroom\u001b[39m","timestamp":"2026-02-22 20:32:03","userAgent":"PostmanRuntime/7.51.1"}
{"ip":"::1","level":"\u001b[32minfo\u001b[39m","message":"\u001b[32mPOST /api/classroom/createClassroom\u001b[39m","timestamp":"2026-02-22 20:32:20","userAgent":"PostmanRuntime/7.51.1"}
{"ip":"::1","level":"\u001b[32minfo\u001b[39m","message":"\u001b[32mPOST /api/classroom/getClassroom\u001b[39m","timestamp":"2026-02-22 20:37:32","userAgent":"PostmanRuntime/7.51.1"}
{"ip":"::1","level":"\u001b[32minfo\u001b[39m","message":"\u001b[32mGET /api/classroom/getClassroom\u001b[39m","timestamp":"2026-02-22 20:38:56","userAgent":"PostmanRuntime/7.51.1"}
{"ip":"::1","level":"\u001b[33mwarn\u001b[39m","message":"\u001b[33mRequest rejected: missing token header\u001b[39m","method":"GET","path":"/api/classroom/getClassroom","timestamp":"2026-02-22 20:38:56"}
{"ip":"::1","level":"\u001b[32minfo\u001b[39m","message":"\u001b[32mGET /api/classroom/getClassroom\u001b[39m","timestamp":"2026-02-22 20:39:09","userAgent":"PostmanRuntime/7.51.1"}
{"level":"\u001b[33mwarn\u001b[39m","message":"\u001b[33mMongoose connection disconnected\u001b[39m","timestamp":"2026-02-22 20:41:11"}
{"level":"\u001b[32minfo\u001b[39m","message":"\u001b[32mMongoose connection established\u001b[39m","timestamp":"2026-02-22 20:41:18"}
{"level":"\u001b[34mdebug\u001b[39m","message":"\u001b[34mRegistering HTTP-exposed managers\u001b[39m","modules":["auth","school","classroom","student"],"timestamp":"2026-02-22 20:42:02"}
{"level":"\u001b[34mdebug\u001b[39m","message":"\u001b[34mRegistering HTTP-exposed managers\u001b[39m","modules":["auth","school","classroom","student"],"timestamp":"2026-02-22 20:42:06"}
{"docs":"http://localhost:8000/api-docs","level":"\u001b[32minfo\u001b[39m","message":"\u001b[32mSCHOOL-MANAGEMENT is running\u001b[39m","port":"8000","timestamp":"2026-02-22 20:42:24"}
{"ip":"::1","level":"\u001b[32minfo\u001b[39m","message":"\u001b[32mGET /api/classroom/getClassroom\u001b[39m","timestamp":"2026-02-22 20:43:17","userAgent":"PostmanRuntime/7.51.1"}
{"error":{},"level":"\u001b[31merror\u001b[39m","message":"\u001b[31mManager function execution failed: getClassroom\u001b[39m","timestamp":"2026-02-22 20:43:19"}
{"ip":"::1","level":"\u001b[32minfo\u001b[39m","message":"\u001b[32mGET /api/classroom/getClassroom\u001b[39m","timestamp":"2026-02-22 20:43:31","userAgent":"PostmanRuntime/7.51.1"}
{"error":{},"level":"\u001b[31merror\u001b[39m","message":"\u001b[31mManager function execution failed: getClassroom\u001b[39m","timestamp":"2026-02-22 20:43:32"}
{"level":"\u001b[33mwarn\u001b[39m","message":"\u001b[33mMongoose connection disconnected\u001b[39m","timestamp":"2026-02-22 20:43:40"}
{"level":"\u001b[34mdebug\u001b[39m","message":"\u001b[34mRegistering HTTP-exposed managers\u001b[39m","modules":["auth","school","classroom","student"],"timestamp":"2026-02-22 20:43:46"}
{"docs":"http://localhost:8000/api-docs","level":"\u001b[32minfo\u001b[39m","message":"\u001b[32mSCHOOL-MANAGEMENT is running\u001b[39m","port":"8000","timestamp":"2026-02-22 20:43:59"}
{"ip":"::1","level":"\u001b[32minfo\u001b[39m","message":"\u001b[32mGET /api/classroom/getClassroom\u001b[39m","timestamp":"2026-02-22 20:44:04","userAgent":"PostmanRuntime/7.51.1"}
{"error":{},"level":"\u001b[31merror\u001b[39m","message":"\u001b[31mManager function execution failed: getClassroom\u001b[39m","timestamp":"2026-02-22 20:44:04"}
{"level":"\u001b[34mdebug\u001b[39m","message":"\u001b[34mRegistering HTTP-exposed managers\u001b[39m","modules":["auth","school","classroom","student"],"timestamp":"2026-02-22 20:46:57"}
{"level":"\u001b[34mdebug\u001b[39m","message":"\u001b[34mRegistering HTTP-exposed managers\u001b[39m","modules":["auth","school","classroom","student"],"timestamp":"2026-02-22 20:47:50"}
{"date":"Sun Feb 22 2026 20:47:55 GMT+0100 (West Africa Standard Time)","error":{"code":"ESERVFAIL","hostname":"cluster0.nyeb7tz.mongodb.net","syscall":"queryTxt"},"level":"\u001b[31merror\u001b[39m","message":"\u001b[31munhandledRejection: queryTxt ESERVFAIL cluster0.nyeb7tz.mongodb.net\u001b[39m\n\u001b[31mError: queryTxt ESERVFAIL cluster0.nyeb7tz.mongodb.net\u001b[39m\n\u001b[31m    at QueryReqWrap.onresolve [as oncomplete] (node:internal/dns/promises:293:17)\u001b[39m","os":{"loadavg":[1.6923828125,2.0673828125,2.142578125],"uptime":74843},"process":{"argv":["/Users/admin/Downloads/soar/school_management_system/node_modules/.bin/ts-node","/Users/admin/Downloads/soar/school_management_system/src/index.ts"],"cwd":"/Users/admin/Downloads/soar/school_management_system","execPath":"/Users/admin/.nvm/versions/node/v22.12.0/bin/node","gid":20,"memoryUsage":{"arrayBuffers":23137907,"external":26123002,"heapTotal":330022912,"heapUsed":191799880,"rss":619741184},"pid":66734,"uid":501,"version":"v22.12.0"},"rejection":true,"stack":"Error: queryTxt ESERVFAIL cluster0.nyeb7tz.mongodb.net\n    at QueryReqWrap.onresolve [as oncomplete] (node:internal/dns/promises:293:17)","timestamp":"2026-02-22 20:47:55","trace":[{"column":17,"file":"node:internal/dns/promises","function":"QueryReqWrap.onresolve [as oncomplete]","line":293,"method":"onresolve [as oncomplete]","native":false}]}
{"level":"\u001b[34mdebug\u001b[39m","message":"\u001b[34mRegistering HTTP-exposed managers\u001b[39m","modules":["auth","school","classroom","student"],"timestamp":"2026-02-22 20:48:04"}
{"date":"Sun Feb 22 2026 20:48:16 GMT+0100 (West Africa Standard Time)","error":{"code":"ESERVFAIL","hostname":"cluster0.nyeb7tz.mongodb.net","syscall":"queryTxt"},"level":"\u001b[31merror\u001b[39m","message":"\u001b[31munhandledRejection: queryTxt ESERVFAIL cluster0.nyeb7tz.mongodb.net\u001b[39m\n\u001b[31mError: queryTxt ESERVFAIL cluster0.nyeb7tz.mongodb.net\u001b[39m\n\u001b[31m    at QueryReqWrap.onresolve [as oncomplete] (node:internal/dns/promises:293:17)\u001b[39m","os":{"loadavg":[1.681640625,2.04443359375,2.1328125],"uptime":74864},"process":{"argv":["/Users/admin/Downloads/soar/school_management_system/node_modules/.bin/ts-node","/Users/admin/Downloads/soar/school_management_system/src/index.ts"],"cwd":"/Users/admin/Downloads/soar/school_management_system","execPath":"/Users/admin/.nvm/versions/node/v22.12.0/bin/node","gid":20,"memoryUsage":{"arrayBuffers":23123875,"external":26108970,"heapTotal":174309376,"heapUsed":167578744,"rss":327516160},"pid":66907,"uid":501,"version":"v22.12.0"},"rejection":true,"stack":"Error: queryTxt ESERVFAIL cluster0.nyeb7tz.mongodb.net\n    at QueryReqWrap.onresolve [as oncomplete] (node:internal/dns/promises:293:17)","timestamp":"2026-02-22 20:48:16","trace":[{"column":17,"file":"node:internal/dns/promises","function":"QueryReqWrap.onresolve [as oncomplete]","line":293,"method":"onresolve [as oncomplete]","native":false}]}
{"level":"\u001b[34mdebug\u001b[39m","message":"\u001b[34mRegistering HTTP-exposed managers\u001b[39m","modules":["auth","school","classroom","student"],"timestamp":"2026-02-22 20:48:32"}
{"date":"Sun Feb 22 2026 20:48:32 GMT+0100 (West Africa Standard Time)","error":{"code":"ESERVFAIL","hostname":"cluster0.nyeb7tz.mongodb.net","syscall":"queryTxt"},"level":"\u001b[31merror\u001b[39m","message":"\u001b[31munhandledRejection: queryTxt ESERVFAIL cluster0.nyeb7tz.mongodb.net\u001b[39m\n\u001b[31mError: queryTxt ESERVFAIL cluster0.nyeb7tz.mongodb.net\u001b[39m\n\u001b[31m    at QueryReqWrap.onresolve [as oncomplete] (node:internal/dns/promises:293:17)\u001b[39m","os":{"loadavg":[1.6904296875,2.02587890625,2.1240234375],"uptime":74880},"process":{"argv":["/Users/admin/Downloads/soar/school_management_system/node_modules/.bin/ts-node","/Users/admin/Downloads/soar/school_management_system/src/index.ts"],"cwd":"/Users/admin/Downloads/soar/school_management_system","execPath":"/Users/admin/.nvm/versions/node/v22.12.0/bin/node","gid":20,"memoryUsage":{"arrayBuffers":23123923,"external":26280020,"heapTotal":331595776,"heapUsed":168158720,"rss":635092992},"pid":67242,"uid":501,"version":"v22.12.0"},"rejection":true,"stack":"Error: queryTxt ESERVFAIL cluster0.nyeb7tz.mongodb.net\n    at QueryReqWrap.onresolve [as oncomplete] (node:internal/dns/promises:293:17)","timestamp":"2026-02-22 20:48:32","trace":[{"column":17,"file":"node:internal/dns/promises","function":"QueryReqWrap.onresolve [as oncomplete]","line":293,"method":"onresolve [as oncomplete]","native":false}]}
{"level":"\u001b[34mdebug\u001b[39m","message":"\u001b[34mRegistering HTTP-exposed managers\u001b[39m","modules":["auth","school","classroom","student"],"timestamp":"2026-02-22 20:49:05"}
{"docs":"http://localhost:8000/api-docs","level":"\u001b[32minfo\u001b[39m","message":"\u001b[32mSCHOOL-MANAGEMENT is running\u001b[39m","port":"8000","timestamp":"2026-02-22 20:49:49"}
{"ip":"::1","level":"\u001b[32minfo\u001b[39m","message":"\u001b[32mGET /api/classroom/getClassroom\u001b[39m","timestamp":"2026-02-22 20:50:12","userAgent":"PostmanRuntime/7.51.1"}
{"error":{},"level":"\u001b[31merror\u001b[39m","message":"\u001b[31mManager function execution failed: getClassroom\u001b[39m","timestamp":"2026-02-22 20:50:13"}
{"level":"\u001b[34mdebug\u001b[39m","message":"\u001b[34mRegistering HTTP-exposed managers\u001b[39m","modules":["auth","school","classroom","student"],"timestamp":"2026-02-22 20:50:34"}
{"date":"Sun Feb 22 2026 20:51:04 GMT+0100 (West Africa Standard Time)","error":{"code":"ESERVFAIL","hostname":"_mongodb._tcp.cluster0.nyeb7tz.mongodb.net","syscall":"querySrv"},"level":"\u001b[31merror\u001b[39m","message":"\u001b[31munhandledRejection: querySrv ESERVFAIL _mongodb._tcp.cluster0.nyeb7tz.mongodb.net\u001b[39m\n\u001b[31mError: querySrv ESERVFAIL _mongodb._tcp.cluster0.nyeb7tz.mongodb.net\u001b[39m\n\u001b[31m    at QueryReqWrap.onresolve [as oncomplete] (node:internal/dns/promises:293:17)\u001b[39m","os":{"loadavg":[2.33154296875,2.1875,2.1708984375],"uptime":75032},"process":{"argv":["/Users/admin/Downloads/soar/school_management_system/node_modules/.bin/ts-node","/Users/admin/Downloads/soar/school_management_system/src/index.ts"],"cwd":"/Users/admin/Downloads/soar/school_management_system","execPath":"/Users/admin/.nvm/versions/node/v22.12.0/bin/node","gid":20,"memoryUsage":{"arrayBuffers":23123923,"external":26109018,"heapTotal":174309376,"heapUsed":166606888,"rss":250216448},"pid":68329,"uid":501,"version":"v22.12.0"},"rejection":true,"stack":"Error: querySrv ESERVFAIL _mongodb._tcp.cluster0.nyeb7tz.mongodb.net\n    at QueryReqWrap.onresolve [as oncomplete] (node:internal/dns/promises:293:17)","timestamp":"2026-02-22 20:51:04","trace":[{"column":17,"file":"node:internal/dns/promises","function":"QueryReqWrap.onresolve [as oncomplete]","line":293,"method":"onresolve [as oncomplete]","native":false}]}
{"level":"\u001b[34mdebug\u001b[39m","message":"\u001b[34mRegistering HTTP-exposed managers\u001b[39m","modules":["auth","school","classroom","student"],"timestamp":"2026-02-22 20:53:04"}
{"docs":"http://localhost:8000/api-docs","level":"\u001b[32minfo\u001b[39m","message":"\u001b[32mSCHOOL-MANAGEMENT is running\u001b[39m","port":"8000","timestamp":"2026-02-22 20:53:09"}
{"ip":"::1","level":"\u001b[32minfo\u001b[39m","message":"\u001b[32mGET /api/classroom/getClassroom\u001b[39m","timestamp":"2026-02-22 20:53:18","userAgent":"PostmanRuntime/7.51.1"}
{"error":{},"level":"\u001b[31merror\u001b[39m","message":"\u001b[31mManager function execution failed: getClassroom\u001b[39m","timestamp":"2026-02-22 20:53:18"}
{"level":"\u001b[34mdebug\u001b[39m","message":"\u001b[34mRegistering HTTP-exposed managers\u001b[39m","modules":["auth","school","classroom","student"],"timestamp":"2026-02-22 20:53:32"}
{"docs":"http://localhost:8000/api-docs","level":"\u001b[32minfo\u001b[39m","message":"\u001b[32mSCHOOL-MANAGEMENT is running\u001b[39m","port":"8000","timestamp":"2026-02-22 20:53:37"}
{"ip":"::1","level":"\u001b[32minfo\u001b[39m","message":"\u001b[32mGET /api/classroom/getClassroom\u001b[39m","timestamp":"2026-02-22 20:53:43","userAgent":"PostmanRuntime/7.51.1"}
{"error":{},"level":"\u001b[31merror\u001b[39m","message":"\u001b[31mManager function execution failed: getClassroom\u001b[39m","timestamp":"2026-02-22 20:53:44"}
{"level":"\u001b[34mdebug\u001b[39m","message":"\u001b[34mRegistering HTTP-exposed managers\u001b[39m","modules":["auth","school","classroom","student"],"timestamp":"2026-02-22 20:54:10"}
{"docs":"http://localhost:8000/api-docs","level":"\u001b[32minfo\u001b[39m","message":"\u001b[32mSCHOOL-MANAGEMENT is running\u001b[39m","port":"8000","timestamp":"2026-02-22 20:54:17"}
{"ip":"::1","level":"\u001b[32minfo\u001b[39m","message":"\u001b[32mGET /api/classroom/getClassroom\u001b[39m","timestamp":"2026-02-22 20:54:21","userAgent":"PostmanRuntime/7.51.1"}
{"error":{},"level":"\u001b[31merror\u001b[39m","message":"\u001b[31mManager function execution failed: getClassroom\u001b[39m","timestamp":"2026-02-22 20:54:22"}
{"level":"\u001b[34mdebug\u001b[39m","message":"\u001b[34mRegistering HTTP-exposed managers\u001b[39m","modules":["auth","school","classroom","student"],"timestamp":"2026-02-22 20:54:42"}
{"level":"\u001b[34mdebug\u001b[39m","message":"\u001b[34mRegistering HTTP-exposed managers\u001b[39m","modules":["auth","school","classroom","student"],"timestamp":"2026-02-22 20:54:47"}
{"docs":"http://localhost:8000/api-docs","level":"\u001b[32minfo\u001b[39m","message":"\u001b[32mSCHOOL-MANAGEMENT is running\u001b[39m","port":"8000","timestamp":"2026-02-22 20:54:51"}
{"ip":"::1","level":"\u001b[32minfo\u001b[39m","message":"\u001b[32mGET /api/classroom/getClassroom\u001b[39m","timestamp":"2026-02-22 20:54:54","userAgent":"PostmanRuntime/7.51.1"}
{"error":{},"level":"\u001b[31merror\u001b[39m","message":"\u001b[31mManager function execution failed: getClassroom\u001b[39m","timestamp":"2026-02-22 20:54:54"}
{"level":"\u001b[34mdebug\u001b[39m","message":"\u001b[34mRegistering HTTP-exposed managers\u001b[39m","modules":["auth","school","classroom","student"],"timestamp":"2026-02-22 20:55:10"}
{"level":"\u001b[34mdebug\u001b[39m","message":"\u001b[34mRegistering HTTP-exposed managers\u001b[39m","modules":["auth","school","classroom","student"],"timestamp":"2026-02-22 20:55:17"}
{"docs":"http://localhost:8000/api-docs","level":"\u001b[32minfo\u001b[39m","message":"\u001b[32mSCHOOL-MANAGEMENT is running\u001b[39m","port":"8000","timestamp":"2026-02-22 20:55:20"}
{"ip":"::1","level":"\u001b[32minfo\u001b[39m","message":"\u001b[32mGET /api/classroom/getClassroom\u001b[39m","timestamp":"2026-02-22 20:55:25","userAgent":"PostmanRuntime/7.51.1"}
{"error":{},"level":"\u001b[31merror\u001b[39m","message":"\u001b[31mManager function execution failed: getClassroom\u001b[39m","timestamp":"2026-02-22 20:55:26"}
{"ip":"::1","level":"\u001b[32minfo\u001b[39m","message":"\u001b[32mGET /api/classroom/getClassroom\u001b[39m","timestamp":"2026-02-22 20:56:09","userAgent":"PostmanRuntime/7.51.1"}
{"ip":"::1","level":"\u001b[32minfo\u001b[39m","message":"\u001b[32mGET /api/classroom/getClassroom\u001b[39m","timestamp":"2026-02-22 20:58:10","userAgent":"PostmanRuntime/7.51.1"}
{"ip":"::1","level":"\u001b[32minfo\u001b[39m","message":"\u001b[32mGET /api/classroom/getClassroom\u001b[39m","timestamp":"2026-02-22 20:58:22","userAgent":"PostmanRuntime/7.51.1"}
{"ip":"::1","level":"\u001b[32minfo\u001b[39m","message":"\u001b[32mGET /api/classroom/getClassroom\u001b[39m","timestamp":"2026-02-22 20:58:31","userAgent":"PostmanRuntime/7.51.1"}
{"ip":"::1","level":"\u001b[32minfo\u001b[39m","message":"\u001b[32mPOST /api/classroom/getClassrooms\u001b[39m","timestamp":"2026-02-22 21:01:28","userAgent":"PostmanRuntime/7.51.1"}
{"ip":"::1","level":"\u001b[32minfo\u001b[39m","message":"\u001b[32mGET /api/classroom/getClassrooms\u001b[39m","timestamp":"2026-02-22 21:01:43","userAgent":"PostmanRuntime/7.51.1"}
{"ip":"::1","level":"\u001b[33mwarn\u001b[39m","message":"\u001b[33mRequest rejected: missing token header\u001b[39m","method":"GET","path":"/api/classroom/getClassrooms","timestamp":"2026-02-22 21:01:43"}
{"ip":"::1","level":"\u001b[32minfo\u001b[39m","message":"\u001b[32mGET /api/classroom/getClassrooms\u001b[39m","timestamp":"2026-02-22 21:02:01","userAgent":"PostmanRuntime/7.51.1"}
{"ip":"::1","level":"\u001b[32minfo\u001b[39m","message":"\u001b[32mGET /api/classroom/getClassrooms\u001b[39m","timestamp":"2026-02-22 21:02:21","userAgent":"PostmanRuntime/7.51.1"}
{"level":"\u001b[34mdebug\u001b[39m","message":"\u001b[34mRegistering HTTP-exposed managers\u001b[39m","modules":["auth","school","classroom","student"],"timestamp":"2026-02-22 21:03:34"}
{"docs":"http://localhost:8000/api-docs","level":"\u001b[32minfo\u001b[39m","message":"\u001b[32mSCHOOL-MANAGEMENT is running\u001b[39m","port":"8000","timestamp":"2026-02-22 21:03:37"}
{"level":"\u001b[34mdebug\u001b[39m","message":"\u001b[34mRegistering HTTP-exposed managers\u001b[39m","modules":["auth","school","classroom","student"],"timestamp":"2026-02-22 21:03:43"}
{"level":"\u001b[34mdebug\u001b[39m","message":"\u001b[34mRegistering HTTP-exposed managers\u001b[39m","modules":["auth","school","classroom","student"],"timestamp":"2026-02-22 21:03:47"}
{"docs":"http://localhost:8000/api-docs","level":"\u001b[32minfo\u001b[39m","message":"\u001b[32mSCHOOL-MANAGEMENT is running\u001b[39m","port":"8000","timestamp":"2026-02-22 21:03:51"}
{"level":"\u001b[34mdebug\u001b[39m","message":"\u001b[34mRegistering HTTP-exposed managers\u001b[39m","modules":["auth","school","classroom","student"],"timestamp":"2026-02-22 21:03:57"}
{"docs":"http://localhost:8000/api-docs","level":"\u001b[32minfo\u001b[39m","message":"\u001b[32mSCHOOL-MANAGEMENT is running\u001b[39m","port":"8000","timestamp":"2026-02-22 21:03:59"}
{"level":"\u001b[33mwarn\u001b[39m","message":"\u001b[33mMongoose connection disconnected\u001b[39m","timestamp":"2026-02-22 21:12:27"}
{"level":"\u001b[34mdebug\u001b[39m","message":"\u001b[34mRegistering HTTP-exposed managers\u001b[39m","modules":["auth","school","classroom","student"],"timestamp":"2026-02-22 22:46:29"}
{"docs":"http://localhost:8000/api-docs","level":"\u001b[32minfo\u001b[39m","message":"\u001b[32mSCHOOL-MANAGEMENT is running\u001b[39m","port":"8000","timestamp":"2026-02-22 22:46:31"}
{"level":"\u001b[34mdebug\u001b[39m","message":"\u001b[34mRegistering HTTP-exposed managers\u001b[39m","modules":["auth","school","classroom","student"],"timestamp":"2026-02-22 22:49:50"}
{"error":"listen EADDRINUSE: address already in use :::8000","level":"\u001b[31merror\u001b[39m","message":"\u001b[31mUncaught Exception\u001b[39m","stack":"Error: listen EADDRINUSE: address already in use :::8000\n    at Server.setupListenHandle [as _listen2] (node:net:1912:16)\n    at listenInCluster (node:net:1969:12)\n    at Server.listen (node:net:2074:7)\n    at Server.run (/Users/admin/Downloads/soar/school_management_system/dist/managers/http/server.manager.js:69:16)\n    at process.processTicksAndRejections (node:internal/process/task_queues:105:5)","timestamp":"2026-02-22 22:49:53"}
{"level":"\u001b[34mdebug\u001b[39m","message":"\u001b[34mRegistering HTTP-exposed managers\u001b[39m","modules":["auth","school","classroom","student"],"timestamp":"2026-02-22 22:50:24"}
{"docs":"http://localhost:8008/api-docs","level":"\u001b[32minfo\u001b[39m","message":"\u001b[32mSCHOOL-MANAGEMENT is running\u001b[39m","port":"8008","timestamp":"2026-02-22 22:50:26"}
{"level":"\u001b[33mwarn\u001b[39m","message":"\u001b[33mMongoose connection disconnected\u001b[39m","timestamp":"2026-02-22 23:12:25"}
{"level":"\u001b[32minfo\u001b[39m","message":"\u001b[32mMongoose connection established\u001b[39m","timestamp":"2026-02-22 23:12:25"}
{"level":"\u001b[33mwarn\u001b[39m","message":"\u001b[33mMongoose connection disconnected\u001b[39m","timestamp":"2026-02-22 23:12:25"}
{"level":"\u001b[32minfo\u001b[39m","message":"\u001b[32mMongoose connection established\u001b[39m","timestamp":"2026-02-22 23:12:25"}
