[2026-02-22 17:12:40] [31merror[39m: [31munhandledRejection: querySrv ECONNREFUSED _mongodb._tcp.cluster0.nyeb7tz.mongodb.net[39m
[31mError: querySrv ECONNREFUSED _mongodb._tcp.cluster0.nyeb7tz.mongodb.net[39m
[31m    at QueryReqWrap.onresolve [as oncomplete] (node:internal/dns/promises:293:17)[39m
Error: querySrv ECONNREFUSED _mongodb._tcp.cluster0.nyeb7tz.mongodb.net
    at QueryReqWrap.onresolve [as oncomplete] (node:internal/dns/promises:293:17)
{
  "error": {
    "code": "ECONNREFUSED",
    "syscall": "querySrv",
    "hostname": "_mongodb._tcp.cluster0.nyeb7tz.mongodb.net"
  },
  "rejection": true,
  "date": "Sun Feb 22 2026 17:12:40 GMT+0100 (West Africa Standard Time)",
  "process": {
    "pid": 91897,
    "uid": 501,
    "gid": 20,
    "cwd": "/Users/admin/Downloads/soar/school_management_system",
    "execPath": "/Users/admin/.nvm/versions/node/v22.12.0/bin/node",
    "version": "v22.12.0",
    "argv": [
      "/Users/admin/Downloads/soar/school_management_system/node_modules/.bin/ts-node",
      "/Users/admin/Downloads/soar/school_management_system/src/index.ts"
    ],
    "memoryUsage": {
      "rss": 634535936,
      "heapTotal": 492994560,
      "heapUsed": 452869264,
      "external": 26243789,
      "arrayBuffers": 23258694
    }
  },
  "os": {
    "loadavg": [
      2.2890625,
      2.40966796875,
      2.03759765625
    ],
    "uptime": 61928
  },
  "trace": [
    {
      "column": 17,
      "file": "node:internal/dns/promises",
      "function": "QueryReqWrap.onresolve [as oncomplete]",
      "line": 293,
      "method": "onresolve [as oncomplete]",
      "native": false
    }
  ]
}
[2026-02-22 17:12:43] [31merror[39m: [31munhandledRejection: querySrv ECONNREFUSED _mongodb._tcp.cluster0.nyeb7tz.mongodb.net[39m
[31mError: querySrv ECONNREFUSED _mongodb._tcp.cluster0.nyeb7tz.mongodb.net[39m
[31m    at QueryReqWrap.onresolve [as oncomplete] (node:internal/dns/promises:293:17)[39m
Error: querySrv ECONNREFUSED _mongodb._tcp.cluster0.nyeb7tz.mongodb.net
    at QueryReqWrap.onresolve [as oncomplete] (node:internal/dns/promises:293:17)
{
  "error": {
    "code": "ECONNREFUSED",
    "syscall": "querySrv",
    "hostname": "_mongodb._tcp.cluster0.nyeb7tz.mongodb.net"
  },
  "rejection": true,
  "date": "Sun Feb 22 2026 17:12:43 GMT+0100 (West Africa Standard Time)",
  "process": {
    "pid": 91951,
    "uid": 501,
    "gid": 20,
    "cwd": "/Users/admin/Downloads/soar/school_management_system",
    "execPath": "/Users/admin/.nvm/versions/node/v22.12.0/bin/node",
    "version": "v22.12.0",
    "argv": [
      "/Users/admin/Downloads/soar/school_management_system/node_modules/.bin/ts-node",
      "/Users/admin/Downloads/soar/school_management_system/src/index.ts"
    ],
    "memoryUsage": {
      "rss": 624443392,
      "heapTotal": 341819392,
      "heapUsed": 183805096,
      "external": 26123058,
      "arrayBuffers": 23137963
    }
  },
  "os": {
    "loadavg": [
      2.2890625,
      2.40966796875,
      2.03759765625
    ],
    "uptime": 61931
  },
  "trace": [
    {
      "column": 17,
      "file": "node:internal/dns/promises",
      "function": "QueryReqWrap.onresolve [as oncomplete]",
      "line": 293,
      "method": "onresolve [as oncomplete]",
      "native": false
    }
  ]
}
[2026-02-22 17:12:47] [31merror[39m: [31munhandledRejection: querySrv ECONNREFUSED _mongodb._tcp.cluster0.nyeb7tz.mongodb.net[39m
[31mError: querySrv ECONNREFUSED _mongodb._tcp.cluster0.nyeb7tz.mongodb.net[39m
[31m    at QueryReqWrap.onresolve [as oncomplete] (node:internal/dns/promises:293:17)[39m
Error: querySrv ECONNREFUSED _mongodb._tcp.cluster0.nyeb7tz.mongodb.net
    at QueryReqWrap.onresolve [as oncomplete] (node:internal/dns/promises:293:17)
{
  "error": {
    "code": "ECONNREFUSED",
    "syscall": "querySrv",
    "hostname": "_mongodb._tcp.cluster0.nyeb7tz.mongodb.net"
  },
  "rejection": true,
  "date": "Sun Feb 22 2026 17:12:47 GMT+0100 (West Africa Standard Time)",
  "process": {
    "pid": 91999,
    "uid": 501,
    "gid": 20,
    "cwd": "/Users/admin/Downloads/soar/school_management_system",
    "execPath": "/Users/admin/.nvm/versions/node/v22.12.0/bin/node",
    "version": "v22.12.0",
    "argv": [
      "/Users/admin/Downloads/soar/school_management_system/node_modules/.bin/ts-node",
      "/Users/admin/Downloads/soar/school_management_system/src/index.ts"
    ],
    "memoryUsage": {
      "rss": 622804992,
      "heapTotal": 344702976,
      "heapUsed": 184360296,
      "external": 26123114,
      "arrayBuffers": 23138019
    }
  },
  "os": {
    "loadavg": [
      2.10546875,
      2.36962890625,
      2.025390625
    ],
    "uptime": 61935
  },
  "trace": [
    {
      "column": 17,
      "file": "node:internal/dns/promises",
      "function": "QueryReqWrap.onresolve [as oncomplete]",
      "line": 293,
      "method": "onresolve [as oncomplete]",
      "native": false
    }
  ]
}
[2026-02-22 17:12:53] [31merror[39m: [31munhandledRejection: querySrv ECONNREFUSED _mongodb._tcp.cluster0.nyeb7tz.mongodb.net[39m
[31mError: querySrv ECONNREFUSED _mongodb._tcp.cluster0.nyeb7tz.mongodb.net[39m
[31m    at QueryReqWrap.onresolve [as oncomplete] (node:internal/dns/promises:293:17)[39m
Error: querySrv ECONNREFUSED _mongodb._tcp.cluster0.nyeb7tz.mongodb.net
    at QueryReqWrap.onresolve [as oncomplete] (node:internal/dns/promises:293:17)
{
  "error": {
    "code": "ECONNREFUSED",
    "syscall": "querySrv",
    "hostname": "_mongodb._tcp.cluster0.nyeb7tz.mongodb.net"
  },
  "rejection": true,
  "date": "Sun Feb 22 2026 17:12:53 GMT+0100 (West Africa Standard Time)",
  "process": {
    "pid": 92066,
    "uid": 501,
    "gid": 20,
    "cwd": "/Users/admin/Downloads/soar/school_management_system",
    "execPath": "/Users/admin/.nvm/versions/node/v22.12.0/bin/node",
    "version": "v22.12.0",
    "argv": [
      "/Users/admin/Downloads/soar/school_management_system/node_modules/.bin/ts-node",
      "/Users/admin/Downloads/soar/school_management_system/src/index.ts"
    ],
    "memoryUsage": {
      "rss": 626655232,
      "heapTotal": 340246528,
      "heapUsed": 181329312,
      "external": 26123162,
      "arrayBuffers": 23138067
    }
  },
  "os": {
    "loadavg": [
      1.9365234375,
      2.330078125,
      2.01318359375
    ],
    "uptime": 61941
  },
  "trace": [
    {
      "column": 17,
      "file": "node:internal/dns/promises",
      "function": "QueryReqWrap.onresolve [as oncomplete]",
      "line": 293,
      "method": "onresolve [as oncomplete]",
      "native": false
    }
  ]
}
[2026-02-22 17:12:58] [31merror[39m: [31munhandledRejection: querySrv ECONNREFUSED _mongodb._tcp.cluster0.nyeb7tz.mongodb.net[39m
[31mError: querySrv ECONNREFUSED _mongodb._tcp.cluster0.nyeb7tz.mongodb.net[39m
[31m    at QueryReqWrap.onresolve [as oncomplete] (node:internal/dns/promises:293:17)[39m
Error: querySrv ECONNREFUSED _mongodb._tcp.cluster0.nyeb7tz.mongodb.net
    at QueryReqWrap.onresolve [as oncomplete] (node:internal/dns/promises:293:17)
{
  "error": {
    "code": "ECONNREFUSED",
    "syscall": "querySrv",
    "hostname": "_mongodb._tcp.cluster0.nyeb7tz.mongodb.net"
  },
  "rejection": true,
  "date": "Sun Feb 22 2026 17:12:58 GMT+0100 (West Africa Standard Time)",
  "process": {
    "pid": 92127,
    "uid": 501,
    "gid": 20,
    "cwd": "/Users/admin/Downloads/soar/school_management_system",
    "execPath": "/Users/admin/.nvm/versions/node/v22.12.0/bin/node",
    "version": "v22.12.0",
    "argv": [
      "/Users/admin/Downloads/soar/school_management_system/node_modules/.bin/ts-node",
      "/Users/admin/Downloads/soar/school_management_system/src/index.ts"
    ],
    "memoryUsage": {
      "rss": 628277248,
      "heapTotal": 333168640,
      "heapUsed": 182757424,
      "external": 26123138,
      "arrayBuffers": 23138043
    }
  },
  "os": {
    "loadavg": [
      2.021484375,
      2.3408203125,
      2.0185546875
    ],
    "uptime": 61946
  },
  "trace": [
    {
      "column": 17,
      "file": "node:internal/dns/promises",
      "function": "QueryReqWrap.onresolve [as oncomplete]",
      "line": 293,
      "method": "onresolve [as oncomplete]",
      "native": false
    }
  ]
}
[2026-02-22 17:13:07] [31merror[39m: [31munhandledRejection: querySrv ECONNREFUSED _mongodb._tcp.cluster0.nyeb7tz.mongodb.net[39m
[31mError: querySrv ECONNREFUSED _mongodb._tcp.cluster0.nyeb7tz.mongodb.net[39m
[31m    at QueryReqWrap.onresolve [as oncomplete] (node:internal/dns/promises:293:17)[39m
Error: querySrv ECONNREFUSED _mongodb._tcp.cluster0.nyeb7tz.mongodb.net
    at QueryReqWrap.onresolve [as oncomplete] (node:internal/dns/promises:293:17)
{
  "error": {
    "code": "ECONNREFUSED",
    "syscall": "querySrv",
    "hostname": "_mongodb._tcp.cluster0.nyeb7tz.mongodb.net"
  },
  "rejection": true,
  "date": "Sun Feb 22 2026 17:13:07 GMT+0100 (West Africa Standard Time)",
  "process": {
    "pid": 92400,
    "uid": 501,
    "gid": 20,
    "cwd": "/Users/admin/Downloads/soar/school_management_system",
    "execPath": "/Users/admin/.nvm/versions/node/v22.12.0/bin/node",
    "version": "v22.12.0",
    "argv": [
      "/Users/admin/Downloads/soar/school_management_system/node_modules/.bin/ts-node",
      "/Users/admin/Downloads/soar/school_management_system/src/index.ts"
    ],
    "memoryUsage": {
      "rss": 633487360,
      "heapTotal": 491683840,
      "heapUsed": 450681848,
      "external": 26267110,
      "arrayBuffers": 23276191
    }
  },
  "os": {
    "loadavg": [
      2.392578125,
      2.4111328125,
      2.046875
    ],
    "uptime": 61955
  },
  "trace": [
    {
      "column": 17,
      "file": "node:internal/dns/promises",
      "function": "QueryReqWrap.onresolve [as oncomplete]",
      "line": 293,
      "method": "onresolve [as oncomplete]",
      "native": false
    }
  ]
}
[2026-02-22 19:51:55] [31merror[39m: [31munhandledRejection: querySrv ESERVFAIL _mongodb._tcp.cluster0.nyeb7tz.mongodb.net[39m
[31mError: querySrv ESERVFAIL _mongodb._tcp.cluster0.nyeb7tz.mongodb.net[39m
[31m    at QueryReqWrap.onresolve [as oncomplete] (node:internal/dns/promises:293:17)[39m
Error: querySrv ESERVFAIL _mongodb._tcp.cluster0.nyeb7tz.mongodb.net
    at QueryReqWrap.onresolve [as oncomplete] (node:internal/dns/promises:293:17)
{
  "error": {
    "code": "ESERVFAIL",
    "syscall": "querySrv",
    "hostname": "_mongodb._tcp.cluster0.nyeb7tz.mongodb.net"
  },
  "rejection": true,
  "date": "Sun Feb 22 2026 19:51:55 GMT+0100 (West Africa Standard Time)",
  "process": {
    "pid": 38153,
    "uid": 501,
    "gid": 20,
    "cwd": "/Users/admin/Downloads/soar/school_management_system",
    "execPath": "/Users/admin/.nvm/versions/node/v22.12.0/bin/node",
    "version": "v22.12.0",
    "argv": [
      "/Users/admin/Downloads/soar/school_management_system/node_modules/.bin/ts-node",
      "/Users/admin/Downloads/soar/school_management_system/src/index.ts"
    ],
    "memoryUsage": {
      "rss": 620593152,
      "heapTotal": 331595776,
      "heapUsed": 188693608,
      "external": 26122882,
      "arrayBuffers": 23137787
    }
  },
  "os": {
    "loadavg": [
      2.16162109375,
      2.2490234375,
      1.94921875
    ],
    "uptime": 71483
  },
  "trace": [
    {
      "column": 17,
      "file": "node:internal/dns/promises",
      "function": "QueryReqWrap.onresolve [as oncomplete]",
      "line": 293,
      "method": "onresolve [as oncomplete]",
      "native": false
    }
  ]
}
[2026-02-22 19:58:44] [31merror[39m: [31munhandledRejection: querySrv ESERVFAIL _mongodb._tcp.cluster0.nyeb7tz.mongodb.net[39m
[31mError: querySrv ESERVFAIL _mongodb._tcp.cluster0.nyeb7tz.mongodb.net[39m
[31m    at QueryReqWrap.onresolve [as oncomplete] (node:internal/dns/promises:293:17)[39m
Error: querySrv ESERVFAIL _mongodb._tcp.cluster0.nyeb7tz.mongodb.net
    at QueryReqWrap.onresolve [as oncomplete] (node:internal/dns/promises:293:17)
{
  "error": {
    "code": "ESERVFAIL",
    "syscall": "querySrv",
    "hostname": "_mongodb._tcp.cluster0.nyeb7tz.mongodb.net"
  },
  "rejection": true,
  "date": "Sun Feb 22 2026 19:58:44 GMT+0100 (West Africa Standard Time)",
  "process": {
    "pid": 41098,
    "uid": 501,
    "gid": 20,
    "cwd": "/Users/admin/Downloads/soar/school_management_system",
    "execPath": "/Users/admin/.nvm/versions/node/v22.12.0/bin/node",
    "version": "v22.12.0",
    "argv": [
      "/Users/admin/Downloads/soar/school_management_system/node_modules/.bin/ts-node",
      "/Users/admin/Downloads/soar/school_management_system/src/index.ts"
    ],
    "memoryUsage": {
      "rss": 242040832,
      "heapTotal": 174309376,
      "heapUsed": 167625864,
      "external": 26109178,
      "arrayBuffers": 23124083
    }
  },
  "os": {
    "loadavg": [
      1.79736328125,
      1.97021484375,
      1.9130859375
    ],
    "uptime": 71892
  },
  "trace": [
    {
      "column": 17,
      "file": "node:internal/dns/promises",
      "function": "QueryReqWrap.onresolve [as oncomplete]",
      "line": 293,
      "method": "onresolve [as oncomplete]",
      "native": false
    }
  ]
}
[2026-02-22 20:28:42] [31merror[39m: [31munhandledRejection: queryTxt ESERVFAIL cluster0.nyeb7tz.mongodb.net[39m
[31mError: queryTxt ESERVFAIL cluster0.nyeb7tz.mongodb.net[39m
[31m    at QueryReqWrap.onresolve [as oncomplete] (node:internal/dns/promises:293:17)[39m
Error: queryTxt ESERVFAIL cluster0.nyeb7tz.mongodb.net
    at QueryReqWrap.onresolve [as oncomplete] (node:internal/dns/promises:293:17)
{
  "error": {
    "code": "ESERVFAIL",
    "syscall": "queryTxt",
    "hostname": "cluster0.nyeb7tz.mongodb.net"
  },
  "rejection": true,
  "date": "Sun Feb 22 2026 20:28:42 GMT+0100 (West Africa Standard Time)",
  "process": {
    "pid": 57553,
    "uid": 501,
    "gid": 20,
    "cwd": "/Users/admin/Downloads/soar/school_management_system",
    "execPath": "/Users/admin/.nvm/versions/node/v22.12.0/bin/node",
    "version": "v22.12.0",
    "argv": [
      "/Users/admin/Downloads/soar/school_management_system/node_modules/.bin/ts-node",
      "/Users/admin/Downloads/soar/school_management_system/src/index.ts"
    ],
    "memoryUsage": {
      "rss": 622182400,
      "heapTotal": 336576512,
      "heapUsed": 186928024,
      "external": 26122954,
      "arrayBuffers": 23137859
    }
  },
  "os": {
    "loadavg": [
      2.49609375,
      2.14404296875,
      2.02685546875
    ],
    "uptime": 73690
  },
  "trace": [
    {
      "column": 17,
      "file": "node:internal/dns/promises",
      "function": "QueryReqWrap.onresolve [as oncomplete]",
      "line": 293,
      "method": "onresolve [as oncomplete]",
      "native": false
    }
  ]
}
[2026-02-22 20:28:58] [31merror[39m: [31munhandledRejection: querySrv ESERVFAIL _mongodb._tcp.cluster0.nyeb7tz.mongodb.net[39m
[31mError: querySrv ESERVFAIL _mongodb._tcp.cluster0.nyeb7tz.mongodb.net[39m
[31m    at QueryReqWrap.onresolve [as oncomplete] (node:internal/dns/promises:293:17)[39m
Error: querySrv ESERVFAIL _mongodb._tcp.cluster0.nyeb7tz.mongodb.net
    at QueryReqWrap.onresolve [as oncomplete] (node:internal/dns/promises:293:17)
{
  "error": {
    "code": "ESERVFAIL",
    "syscall": "querySrv",
    "hostname": "_mongodb._tcp.cluster0.nyeb7tz.mongodb.net"
  },
  "rejection": true,
  "date": "Sun Feb 22 2026 20:28:58 GMT+0100 (West Africa Standard Time)",
  "process": {
    "pid": 57752,
    "uid": 501,
    "gid": 20,
    "cwd": "/Users/admin/Downloads/soar/school_management_system",
    "execPath": "/Users/admin/.nvm/versions/node/v22.12.0/bin/node",
    "version": "v22.12.0",
    "argv": [
      "/Users/admin/Downloads/soar/school_management_system/node_modules/.bin/ts-node",
      "/Users/admin/Downloads/soar/school_management_system/src/index.ts"
    ],
    "memoryUsage": {
      "rss": 416153600,
      "heapTotal": 325042176,
      "heapUsed": 185731464,
      "external": 26122970,
      "arrayBuffers": 23132051
    }
  },
  "os": {
    "loadavg": [
      2.25,
      2.1044921875,
      2.013671875
    ],
    "uptime": 73706
  },
  "trace": [
    {
      "column": 17,
      "file": "node:internal/dns/promises",
      "function": "QueryReqWrap.onresolve [as oncomplete]",
      "line": 293,
      "method": "onresolve [as oncomplete]",
      "native": false
    }
  ]
}
[2026-02-22 20:47:55] [31merror[39m: [31munhandledRejection: queryTxt ESERVFAIL cluster0.nyeb7tz.mongodb.net[39m
[31mError: queryTxt ESERVFAIL cluster0.nyeb7tz.mongodb.net[39m
[31m    at QueryReqWrap.onresolve [as oncomplete] (node:internal/dns/promises:293:17)[39m
Error: queryTxt ESERVFAIL cluster0.nyeb7tz.mongodb.net
    at QueryReqWrap.onresolve [as oncomplete] (node:internal/dns/promises:293:17)
{
  "error": {
    "code": "ESERVFAIL",
    "syscall": "queryTxt",
    "hostname": "cluster0.nyeb7tz.mongodb.net"
  },
  "rejection": true,
  "date": "Sun Feb 22 2026 20:47:55 GMT+0100 (West Africa Standard Time)",
  "process": {
    "pid": 66734,
    "uid": 501,
    "gid": 20,
    "cwd": "/Users/admin/Downloads/soar/school_management_system",
    "execPath": "/Users/admin/.nvm/versions/node/v22.12.0/bin/node",
    "version": "v22.12.0",
    "argv": [
      "/Users/admin/Downloads/soar/school_management_system/node_modules/.bin/ts-node",
      "/Users/admin/Downloads/soar/school_management_system/src/index.ts"
    ],
    "memoryUsage": {
      "rss": 619741184,
      "heapTotal": 330022912,
      "heapUsed": 191799880,
      "external": 26123002,
      "arrayBuffers": 23137907
    }
  },
  "os": {
    "loadavg": [
      1.6923828125,
      2.0673828125,
      2.142578125
    ],
    "uptime": 74843
  },
  "trace": [
    {
      "column": 17,
      "file": "node:internal/dns/promises",
      "function": "QueryReqWrap.onresolve [as oncomplete]",
      "line": 293,
      "method": "onresolve [as oncomplete]",
      "native": false
    }
  ]
}
[2026-02-22 20:48:16] [31merror[39m: [31munhandledRejection: queryTxt ESERVFAIL cluster0.nyeb7tz.mongodb.net[39m
[31mError: queryTxt ESERVFAIL cluster0.nyeb7tz.mongodb.net[39m
[31m    at QueryReqWrap.onresolve [as oncomplete] (node:internal/dns/promises:293:17)[39m
Error: queryTxt ESERVFAIL cluster0.nyeb7tz.mongodb.net
    at QueryReqWrap.onresolve [as oncomplete] (node:internal/dns/promises:293:17)
{
  "error": {
    "code": "ESERVFAIL",
    "syscall": "queryTxt",
    "hostname": "cluster0.nyeb7tz.mongodb.net"
  },
  "rejection": true,
  "date": "Sun Feb 22 2026 20:48:16 GMT+0100 (West Africa Standard Time)",
  "process": {
    "pid": 66907,
    "uid": 501,
    "gid": 20,
    "cwd": "/Users/admin/Downloads/soar/school_management_system",
    "execPath": "/Users/admin/.nvm/versions/node/v22.12.0/bin/node",
    "version": "v22.12.0",
    "argv": [
      "/Users/admin/Downloads/soar/school_management_system/node_modules/.bin/ts-node",
      "/Users/admin/Downloads/soar/school_management_system/src/index.ts"
    ],
    "memoryUsage": {
      "rss": 327516160,
      "heapTotal": 174309376,
      "heapUsed": 167578744,
      "external": 26108970,
      "arrayBuffers": 23123875
    }
  },
  "os": {
    "loadavg": [
      1.681640625,
      2.04443359375,
      2.1328125
    ],
    "uptime": 74864
  },
  "trace": [
    {
      "column": 17,
      "file": "node:internal/dns/promises",
      "function": "QueryReqWrap.onresolve [as oncomplete]",
      "line": 293,
      "method": "onresolve [as oncomplete]",
      "native": false
    }
  ]
}
[2026-02-22 20:48:32] [31merror[39m: [31munhandledRejection: queryTxt ESERVFAIL cluster0.nyeb7tz.mongodb.net[39m
[31mError: queryTxt ESERVFAIL cluster0.nyeb7tz.mongodb.net[39m
[31m    at QueryReqWrap.onresolve [as oncomplete] (node:internal/dns/promises:293:17)[39m
Error: queryTxt ESERVFAIL cluster0.nyeb7tz.mongodb.net
    at QueryReqWrap.onresolve [as oncomplete] (node:internal/dns/promises:293:17)
{
  "error": {
    "code": "ESERVFAIL",
    "syscall": "queryTxt",
    "hostname": "cluster0.nyeb7tz.mongodb.net"
  },
  "rejection": true,
  "date": "Sun Feb 22 2026 20:48:32 GMT+0100 (West Africa Standard Time)",
  "process": {
    "pid": 67242,
    "uid": 501,
    "gid": 20,
    "cwd": "/Users/admin/Downloads/soar/school_management_system",
    "execPath": "/Users/admin/.nvm/versions/node/v22.12.0/bin/node",
    "version": "v22.12.0",
    "argv": [
      "/Users/admin/Downloads/soar/school_management_system/node_modules/.bin/ts-node",
      "/Users/admin/Downloads/soar/school_management_system/src/index.ts"
    ],
    "memoryUsage": {
      "rss": 635092992,
      "heapTotal": 331595776,
      "heapUsed": 168158720,
      "external": 26280020,
      "arrayBuffers": 23123923
    }
  },
  "os": {
    "loadavg": [
      1.6904296875,
      2.02587890625,
      2.1240234375
    ],
    "uptime": 74880
  },
  "trace": [
    {
      "column": 17,
      "file": "node:internal/dns/promises",
      "function": "QueryReqWrap.onresolve [as oncomplete]",
      "line": 293,
      "method": "onresolve [as oncomplete]",
      "native": false
    }
  ]
}
[2026-02-22 20:51:04] [31merror[39m: [31munhandledRejection: querySrv ESERVFAIL _mongodb._tcp.cluster0.nyeb7tz.mongodb.net[39m
[31mError: querySrv ESERVFAIL _mongodb._tcp.cluster0.nyeb7tz.mongodb.net[39m
[31m    at QueryReqWrap.onresolve [as oncomplete] (node:internal/dns/promises:293:17)[39m
Error: querySrv ESERVFAIL _mongodb._tcp.cluster0.nyeb7tz.mongodb.net
    at QueryReqWrap.onresolve [as oncomplete] (node:internal/dns/promises:293:17)
{
  "error": {
    "code": "ESERVFAIL",
    "syscall": "querySrv",
    "hostname": "_mongodb._tcp.cluster0.nyeb7tz.mongodb.net"
  },
  "rejection": true,
  "date": "Sun Feb 22 2026 20:51:04 GMT+0100 (West Africa Standard Time)",
  "process": {
    "pid": 68329,
    "uid": 501,
    "gid": 20,
    "cwd": "/Users/admin/Downloads/soar/school_management_system",
    "execPath": "/Users/admin/.nvm/versions/node/v22.12.0/bin/node",
    "version": "v22.12.0",
    "argv": [
      "/Users/admin/Downloads/soar/school_management_system/node_modules/.bin/ts-node",
      "/Users/admin/Downloads/soar/school_management_system/src/index.ts"
    ],
    "memoryUsage": {
      "rss": 250216448,
      "heapTotal": 174309376,
      "heapUsed": 166606888,
      "external": 26109018,
      "arrayBuffers": 23123923
    }
  },
  "os": {
    "loadavg": [
      2.33154296875,
      2.1875,
      2.1708984375
    ],
    "uptime": 75032
  },
  "trace": [
    {
      "column": 17,
      "file": "node:internal/dns/promises",
      "function": "QueryReqWrap.onresolve [as oncomplete]",
      "line": 293,
      "method": "onresolve [as oncomplete]",
      "native": false
    }
  ]
}
